Using pre-set license
Built from '2020.3/staging' branch; Version is '2020.3.30f1 (1fb1bf06830e) revision 2077119'; Using compiler version '192528614'; Build Type 'Release'
OS: 'Windows 10  (10.0.19042) 64bit Professional' Language: 'ru' Physical Memory: 32675 MB
BatchMode: 1, IsHumanControllingUs: 0, StartBugReporterOnCrash: 0, Is64bit: 1, IsPro: 0

COMMAND LINE ARGUMENTS:
C:\Program Files\Unity\Hub\Editor\2020.3.30f1\Editor\Unity.exe
-adb2
-batchMode
-noUpm
-name
AssetImportWorker0
-projectPath
D:/YandexDisk/Skilbox/Домашние Задания/Unity/Задание 1/First game
-logFile
Logs/AssetImportWorker0.log
-srvPort
56653
Successfully changed project path to: D:/YandexDisk/Skilbox/Домашние Задания/Unity/Задание 1/First game
D:/YandexDisk/Skilbox/Домашние Задания/Unity/Задание 1/First game
Using Asset Import Pipeline V2.
Refreshing native plugins compatible for Editor in 40.31 ms, found 2 plugins.
Preloading 0 native plugins for Editor in 0.00 ms.
Initialize engine version: 2020.3.30f1 (1fb1bf06830e)
[Subsystems] Discovering subsystems at path C:/Program Files/Unity/Hub/Editor/2020.3.30f1/Editor/Data/Resources/UnitySubsystems
[Subsystems] Discovering subsystems at path D:/YandexDisk/Skilbox/Домашние Задания/Unity/Задание 1/First game/Assets
GfxDevice: creating device client; threaded=0
Direct3D:
    Version:  Direct3D 11.0 [level 11.1]
    Renderer: NVIDIA GeForce RTX 3060 (ID=0x2487)
    Vendor:   
    VRAM:     12138 MB
    Driver:   30.0.14.7284
Initialize mono
Mono path[0] = 'C:/Program Files/Unity/Hub/Editor/2020.3.30f1/Editor/Data/Managed'
Mono path[1] = 'C:/Program Files/Unity/Hub/Editor/2020.3.30f1/Editor/Data/MonoBleedingEdge/lib/mono/unityjit'
Mono config path = 'C:/Program Files/Unity/Hub/Editor/2020.3.30f1/Editor/Data/MonoBleedingEdge/etc'
Using monoOptions --debugger-agent=transport=dt_socket,embedding=1,server=y,suspend=n,address=127.0.0.1:56708
Begin MonoManager ReloadAssembly
Registering precompiled unity dll's ...
Register platform support module: C:/Program Files/Unity/Hub/Editor/2020.3.30f1/Editor/Data/PlaybackEngines/WebGLSupport/UnityEditor.WebGL.Extensions.dll
Register platform support module: C:/Program Files/Unity/Hub/Editor/2020.3.30f1/Editor/Data/PlaybackEngines/WindowsStandaloneSupport/UnityEditor.WindowsStandalone.Extensions.dll
Registered in 0.002056 seconds.
Native extension for WindowsStandalone target not found
Native extension for WebGL target not found
Refreshing native plugins compatible for Editor in 37.43 ms, found 2 plugins.
Preloading 0 native plugins for Editor in 0.00 ms.
Mono: successfully reloaded assembly
- Completed reload, in  0.725 seconds
Domain Reload Profiling:
	ReloadAssembly (725ms)
		BeginReloadAssembly (79ms)
			ExecutionOrderSort (0ms)
			DisableScriptedObjects (0ms)
			BackupInstance (0ms)
			ReleaseScriptingObjects (0ms)
			CreateAndSetChildDomain (1ms)
		EndReloadAssembly (555ms)
			LoadAssemblies (78ms)
			RebuildTransferFunctionScriptingTraits (0ms)
			SetupTypeCache (204ms)
			ReleaseScriptCaches (0ms)
			RebuildScriptCaches (34ms)
			SetupLoadedEditorAssemblies (199ms)
				LogAssemblyErrors (0ms)
				InitializePlatformSupportModulesInManaged (6ms)
				SetLoadedEditorAssemblies (0ms)
				RefreshPlugins (38ms)
				BeforeProcessingInitializeOnLoad (11ms)
				ProcessInitializeOnLoadAttributes (110ms)
				ProcessInitializeOnLoadMethodAttributes (34ms)
				AfterProcessingInitializeOnLoad (0ms)
				EditorAssembliesLoaded (0ms)
			ExecutionOrderSort2 (0ms)
			AwakeInstancesAfterBackupRestoration (0ms)
Platform modules already initialized, skipping
Registering precompiled user dll's ...
Registered in 0.002207 seconds.
Begin MonoManager ReloadAssembly
Native extension for WindowsStandalone target not found
Native extension for WebGL target not found
Refreshing native plugins compatible for Editor in 0.48 ms, found 2 plugins.
Preloading 0 native plugins for Editor in 0.00 ms.
Mono: successfully reloaded assembly
- Completed reload, in  1.135 seconds
Domain Reload Profiling:
	ReloadAssembly (1136ms)
		BeginReloadAssembly (168ms)
			ExecutionOrderSort (0ms)
			DisableScriptedObjects (5ms)
			BackupInstance (0ms)
			ReleaseScriptingObjects (0ms)
			CreateAndSetChildDomain (29ms)
		EndReloadAssembly (909ms)
			LoadAssemblies (110ms)
			RebuildTransferFunctionScriptingTraits (0ms)
			SetupTypeCache (310ms)
			ReleaseScriptCaches (1ms)
			RebuildScriptCaches (48ms)
			SetupLoadedEditorAssemblies (346ms)
				LogAssemblyErrors (0ms)
				InitializePlatformSupportModulesInManaged (6ms)
				SetLoadedEditorAssemblies (1ms)
				RefreshPlugins (1ms)
				BeforeProcessingInitializeOnLoad (63ms)
				ProcessInitializeOnLoadAttributes (258ms)
				ProcessInitializeOnLoadMethodAttributes (11ms)
				AfterProcessingInitializeOnLoad (7ms)
				EditorAssembliesLoaded (0ms)
			ExecutionOrderSort2 (0ms)
			AwakeInstancesAfterBackupRestoration (10ms)
Platform modules already initialized, skipping
========================================================================
Worker process is ready to serve import requests
Launched and connected shader compiler UnityShaderCompiler.exe after 0.06 seconds
Refreshing native plugins compatible for Editor in 0.46 ms, found 2 plugins.
Preloading 0 native plugins for Editor in 0.00 ms.
Unloading 1502 Unused Serialized files (Serialized files now loaded: 0)
System memory in use before: 80.8 MB.
System memory in use after: 80.8 MB.

Unloading 16 unused Assets to reduce memory usage. Loaded Objects now: 1955.
Total: 5.119900 ms (FindLiveObjects: 0.374100 ms CreateObjectMapping: 0.056800 ms MarkObjects: 4.568700 ms  DeleteObjects: 0.118100 ms)

AssetImportParameters requested are different than current active one (requested -> active):
  custom:framework-win-MediaFoundation: 216162199b28c13a410421893ffa2e32 -> 
  custom:video-decoder-ogg-theora: a1e56fd34408186e4bbccfd4996cb3dc -> 
  custom:container-muxer-webm: aa71ff27fc2769a1b78a27578f13a17b -> 
  custom:container-demuxer-webm: 4f35f7cbe854078d1ac9338744f61a02 -> 
  custom:container-demuxer-ogg: 62fdf1f143b41e24485cea50d1cbac27 -> 
  custom:video-encoder-webm-vp8: eb34c28f22e8b96e1ab97ce403110664 -> 
  custom:video-decoder-webm-vp8: 9c59270c3fd7afecdb556c50c9e8de78 -> 
  custom:audio-decoder-ogg-vorbis: bf7c407c2cedff20999df2af8eb42d56 -> 
  custom:audio-encoder-webm-vorbis: bf7c407c2cedff20999df2af8eb42d56 -> 
========================================================================
Received Import Request.
  path: Assets/Colors
  artifactKey: Guid(66e74782b6c1924439ff412164b71de6) Importer(815301076,1909f56bfc062723c751e8b465ee728b)
Start importing Assets/Colors using Guid(66e74782b6c1924439ff412164b71de6) Importer(815301076,1909f56bfc062723c751e8b465ee728b)  -> (artifact id: 'bea8fe8becff5a395c8867b2567b9f12') in 0.012717 seconds 
========================================================================
Received Import Request.
  Time since last request: 345.952928 seconds.
  path: Assets/Prefabs
  artifactKey: Guid(7ea58e402b730d04383103450274f065) Importer(815301076,1909f56bfc062723c751e8b465ee728b)
Start importing Assets/Prefabs using Guid(7ea58e402b730d04383103450274f065) Importer(815301076,1909f56bfc062723c751e8b465ee728b)  -> (artifact id: '35af8556330995f3e7b47e9b9245ad5e') in 0.010152 seconds 
========================================================================
Received Import Request.
  Time since last request: 30.563651 seconds.
  path: Assets/Prefabs/AllShild.prefab
  artifactKey: Guid(00edc3fbb2a7f1d47aa781e52a331fa6) Importer(815301076,1909f56bfc062723c751e8b465ee728b)
Start importing Assets/Prefabs/AllShild.prefab using Guid(00edc3fbb2a7f1d47aa781e52a331fa6) Importer(815301076,1909f56bfc062723c751e8b465ee728b)  -> (artifact id: '5102cfe80196454fdc3318b626410abd') in 0.134354 seconds 
========================================================================
Received Import Request.
  Time since last request: 33.623691 seconds.
  path: Assets/Scenes/Weel.prefab
  artifactKey: Guid(db8891577c27eb448b2608ee055da4f3) Importer(815301076,1909f56bfc062723c751e8b465ee728b)
Start importing Assets/Scenes/Weel.prefab using Guid(db8891577c27eb448b2608ee055da4f3) Importer(815301076,1909f56bfc062723c751e8b465ee728b)  -> (artifact id: '37affe3e616f66b8dddf76566ac4ac5c') in 0.025449 seconds 
========================================================================
Received Import Request.
  Time since last request: 130.523126 seconds.
  path: Assets/Scenes/SampleScene.unity
  artifactKey: Guid(9fc0d4010bbf28b4594072e72b8655ab) Importer(815301076,1909f56bfc062723c751e8b465ee728b)
Start importing Assets/Scenes/SampleScene.unity using Guid(9fc0d4010bbf28b4594072e72b8655ab) Importer(815301076,1909f56bfc062723c751e8b465ee728b)  -> (artifact id: '2aec2e00b7c5d68b19b43f754c1b1ac8') in 0.009513 seconds 
========================================================================
Received Import Request.
  Time since last request: 67.441992 seconds.
  path: Assets/Scenes/Children.unity
  artifactKey: Guid(9fc0d4010bbf28b4594072e72b8655ab) Importer(815301076,1909f56bfc062723c751e8b465ee728b)
Start importing Assets/Scenes/Children.unity using Guid(9fc0d4010bbf28b4594072e72b8655ab) Importer(815301076,1909f56bfc062723c751e8b465ee728b)  -> (artifact id: '8c158030bc990ff81a67a3601d9b9b43') in 0.012019 seconds 
========================================================================
Received Import Request.
  Time since last request: 18.331088 seconds.
  path: Assets/Scenes/ChildrenPlayground.unity
  artifactKey: Guid(9fc0d4010bbf28b4594072e72b8655ab) Importer(815301076,1909f56bfc062723c751e8b465ee728b)
Start importing Assets/Scenes/ChildrenPlayground.unity using Guid(9fc0d4010bbf28b4594072e72b8655ab) Importer(815301076,1909f56bfc062723c751e8b465ee728b)  -> (artifact id: 'bb11b35e1c7fd5f9547fd519433c192f') in 0.011304 seconds 
========================================================================
Received Import Request.
  Time since last request: 596.240046 seconds.
  path: Assets/Scenes/Stone (3).prefab
  artifactKey: Guid(1dfd8759ad7463742b2bfa456f8e1660) Importer(815301076,1909f56bfc062723c751e8b465ee728b)
Start importing Assets/Scenes/Stone (3).prefab using Guid(1dfd8759ad7463742b2bfa456f8e1660) Importer(815301076,1909f56bfc062723c751e8b465ee728b)  -> (artifact id: '4f3edc660332c649e6b86e211f53be7e') in 0.022504 seconds 
========================================================================
Received Import Request.
  Time since last request: 3.052998 seconds.
  path: Assets/Scenes/Stone (2).prefab
  artifactKey: Guid(8b2b19b3bebd7c940b356e89486f7964) Importer(815301076,1909f56bfc062723c751e8b465ee728b)
Start importing Assets/Scenes/Stone (2).prefab using Guid(8b2b19b3bebd7c940b356e89486f7964) Importer(815301076,1909f56bfc062723c751e8b465ee728b)  -> (artifact id: '64d77ce977eda4cfa2cc5640e7abc3e4') in 0.018452 seconds 
========================================================================
Received Import Request.
  Time since last request: 3.177019 seconds.
  path: Assets/Scenes/Stone (1).prefab
  artifactKey: Guid(f612a76df372ce34ca673bd488df7cb4) Importer(815301076,1909f56bfc062723c751e8b465ee728b)
Start importing Assets/Scenes/Stone (1).prefab using Guid(f612a76df372ce34ca673bd488df7cb4) Importer(815301076,1909f56bfc062723c751e8b465ee728b)  -> (artifact id: 'c7463b32230ed650024e04f61665832d') in 0.037480 seconds 
========================================================================
Received Import Request.
  Time since last request: 3.073628 seconds.
  path: Assets/Scenes/Stone.prefab
  artifactKey: Guid(b850ebc4be69dd543956b42c82fa0e4f) Importer(815301076,1909f56bfc062723c751e8b465ee728b)
Start importing Assets/Scenes/Stone.prefab using Guid(b850ebc4be69dd543956b42c82fa0e4f) Importer(815301076,1909f56bfc062723c751e8b465ee728b)  -> (artifact id: 'db9c15b11488f7ec309621b96f843ba6') in 0.017759 seconds 
========================================================================
Received Import Request.
  Time since last request: 30.305242 seconds.
  path: Assets/Terrain
  artifactKey: Guid(f6dcf68095b63914ea555505af28e244) Importer(815301076,1909f56bfc062723c751e8b465ee728b)
Start importing Assets/Terrain using Guid(f6dcf68095b63914ea555505af28e244) Importer(815301076,1909f56bfc062723c751e8b465ee728b)  -> (artifact id: '52b4ab39d0f76c46b46fb8340e855e80') in 0.009335 seconds 
========================================================================
Received Import Request.
  Time since last request: 37.909776 seconds.
  path: Assets/Scenes/ChildrenPlayground.unity
  artifactKey: Guid(9fc0d4010bbf28b4594072e72b8655ab) Importer(815301076,1909f56bfc062723c751e8b465ee728b)
Start importing Assets/Scenes/ChildrenPlayground.unity using Guid(9fc0d4010bbf28b4594072e72b8655ab) Importer(815301076,1909f56bfc062723c751e8b465ee728b)  -> (artifact id: '25a2cad59bd6458f3fcfdcab0775edf9') in 0.003451 seconds 
