Using pre-set license
Built from '2021.3/staging' branch; Version is '2021.3.0f1 (6eacc8284459) revision 7253192'; Using compiler version '192829333'; Build Type 'Release'
OS: 'Windows 10  (10.0.19042) 64bit Enterprise' Language: 'ru' Physical Memory: 32675 MB
BatchMode: 1, IsHumanControllingUs: 0, StartBugReporterOnCrash: 0, Is64bit: 1, IsPro: 1

COMMAND LINE ARGUMENTS:
C:\Program Files\Unity\Hub\Editor\2021.3.0f1\Editor\Unity.exe
-adb2
-batchMode
-noUpm
-name
AssetImportWorker1
-projectPath
D:/GitHub/Unity/Tasks16-19Platformer
-logFile
Logs/AssetImportWorker1.log
-srvPort
63604
Successfully changed project path to: D:/GitHub/Unity/Tasks16-19Platformer
D:/GitHub/Unity/Tasks16-19Platformer
[UnityMemory] Configuration Parameters - Can be set up in boot.config
    "memorysetup-bucket-allocator-granularity=16"
    "memorysetup-bucket-allocator-bucket-count=8"
    "memorysetup-bucket-allocator-block-size=33554432"
    "memorysetup-bucket-allocator-block-count=8"
    "memorysetup-main-allocator-block-size=16777216"
    "memorysetup-thread-allocator-block-size=16777216"
    "memorysetup-gfx-main-allocator-block-size=16777216"
    "memorysetup-gfx-thread-allocator-block-size=16777216"
    "memorysetup-cache-allocator-block-size=4194304"
    "memorysetup-typetree-allocator-block-size=2097152"
    "memorysetup-profiler-bucket-allocator-granularity=16"
    "memorysetup-profiler-bucket-allocator-bucket-count=8"
    "memorysetup-profiler-bucket-allocator-block-size=33554432"
    "memorysetup-profiler-bucket-allocator-block-count=8"
    "memorysetup-profiler-allocator-block-size=16777216"
    "memorysetup-profiler-editor-allocator-block-size=1048576"
    "memorysetup-temp-allocator-size-main=16777216"
    "memorysetup-job-temp-allocator-block-size=2097152"
    "memorysetup-job-temp-allocator-block-size-background=1048576"
    "memorysetup-job-temp-allocator-reduction-small-platforms=262144"
    "memorysetup-temp-allocator-size-background-worker=32768"
    "memorysetup-temp-allocator-size-job-worker=262144"
    "memorysetup-temp-allocator-size-preload-manager=33554432"
    "memorysetup-temp-allocator-size-nav-mesh-worker=65536"
    "memorysetup-temp-allocator-size-audio-worker=65536"
    "memorysetup-temp-allocator-size-cloud-worker=32768"
    "memorysetup-temp-allocator-size-gi-baking-worker=262144"
    "memorysetup-temp-allocator-size-gfx=262144"
Refreshing native plugins compatible for Editor in 94.58 ms, found 4 plugins.
Preloading 0 native plugins for Editor in 0.00 ms.
Initialize engine version: 2021.3.0f1 (6eacc8284459)
[Subsystems] Discovering subsystems at path C:/Program Files/Unity/Hub/Editor/2021.3.0f1/Editor/Data/Resources/UnitySubsystems
[Subsystems] Discovering subsystems at path D:/GitHub/Unity/Tasks16-19Platformer/Assets
GfxDevice: creating device client; threaded=0; jobified=0
Direct3D:
    Version:  Direct3D 11.0 [level 11.1]
    Renderer: NVIDIA GeForce RTX 3060 (ID=0x2487)
    Vendor:   NVIDIA
    VRAM:     12137 MB
    Driver:   30.0.15.1277
Initialize mono
Mono path[0] = 'C:/Program Files/Unity/Hub/Editor/2021.3.0f1/Editor/Data/Managed'
Mono path[1] = 'C:/Program Files/Unity/Hub/Editor/2021.3.0f1/Editor/Data/MonoBleedingEdge/lib/mono/unityjit-win32'
Mono config path = 'C:/Program Files/Unity/Hub/Editor/2021.3.0f1/Editor/Data/MonoBleedingEdge/etc'
Using monoOptions --debugger-agent=transport=dt_socket,embedding=1,server=y,suspend=n,address=127.0.0.1:56152
Begin MonoManager ReloadAssembly
Registering precompiled unity dll's ...
Register platform support module: C:/Program Files/Unity/Hub/Editor/2021.3.0f1/Editor/Data/PlaybackEngines/WebGLSupport/UnityEditor.WebGL.Extensions.dll
Register platform support module: C:/Program Files/Unity/Hub/Editor/2021.3.0f1/Editor/Data/PlaybackEngines/WindowsStandaloneSupport/UnityEditor.WindowsStandalone.Extensions.dll
Registered in 0.004452 seconds.
Native extension for WindowsStandalone target not found
Native extension for WebGL target not found
Refreshing native plugins compatible for Editor in 93.38 ms, found 4 plugins.
Preloading 0 native plugins for Editor in 0.00 ms.
Mono: successfully reloaded assembly
- Completed reload, in  0.609 seconds
Domain Reload Profiling:
	ReloadAssembly (609ms)
		BeginReloadAssembly (65ms)
			ExecutionOrderSort (0ms)
			DisableScriptedObjects (0ms)
			BackupInstance (0ms)
			ReleaseScriptingObjects (0ms)
			CreateAndSetChildDomain (1ms)
		EndReloadAssembly (442ms)
			LoadAssemblies (63ms)
			RebuildTransferFunctionScriptingTraits (0ms)
			SetupTypeCache (102ms)
			ReleaseScriptCaches (0ms)
			RebuildScriptCaches (28ms)
			SetupLoadedEditorAssemblies (263ms)
				LogAssemblyErrors (0ms)
				InitializePlatformSupportModulesInManaged (8ms)
				SetLoadedEditorAssemblies (0ms)
				RefreshPlugins (94ms)
				BeforeProcessingInitializeOnLoad (1ms)
				ProcessInitializeOnLoadAttributes (116ms)
				ProcessInitializeOnLoadMethodAttributes (44ms)
				AfterProcessingInitializeOnLoad (0ms)
				EditorAssembliesLoaded (0ms)
			ExecutionOrderSort2 (0ms)
			AwakeInstancesAfterBackupRestoration (0ms)
Platform modules already initialized, skipping
Registering precompiled user dll's ...
Registered in 0.003892 seconds.
Begin MonoManager ReloadAssembly
Symbol file LoadedFromMemory doesn't match image D:\GitHub\Unity\Tasks16-19Platformer\Library\PackageCache\com.unity.visualscripting@1.7.6\Editor\VisualScripting.Core\Dependencies\YamlDotNet\Unity.VisualScripting.YamlDotNet.dll
Symbol file LoadedFromMemory is not a mono symbol file
Symbol file LoadedFromMemory doesn't match image D:\GitHub\Unity\Tasks16-19Platformer\Library\PackageCache\com.unity.visualscripting@1.7.6\Editor\VisualScripting.Core\Dependencies\DotNetZip\Unity.VisualScripting.IonicZip.dll
Native extension for WindowsStandalone target not found
Native extension for WebGL target not found
Refreshing native plugins compatible for Editor in 93.97 ms, found 4 plugins.
Preloading 0 native plugins for Editor in 0.00 ms.
Mono: successfully reloaded assembly
- Completed reload, in  1.109 seconds
Domain Reload Profiling:
	ReloadAssembly (1110ms)
		BeginReloadAssembly (103ms)
			ExecutionOrderSort (0ms)
			DisableScriptedObjects (5ms)
			BackupInstance (0ms)
			ReleaseScriptingObjects (0ms)
			CreateAndSetChildDomain (21ms)
		EndReloadAssembly (902ms)
			LoadAssemblies (83ms)
			RebuildTransferFunctionScriptingTraits (0ms)
			SetupTypeCache (229ms)
			ReleaseScriptCaches (1ms)
			RebuildScriptCaches (83ms)
			SetupLoadedEditorAssemblies (444ms)
				LogAssemblyErrors (0ms)
				InitializePlatformSupportModulesInManaged (6ms)
				SetLoadedEditorAssemblies (0ms)
				RefreshPlugins (94ms)
				BeforeProcessingInitializeOnLoad (89ms)
				ProcessInitializeOnLoadAttributes (206ms)
				ProcessInitializeOnLoadMethodAttributes (40ms)
				AfterProcessingInitializeOnLoad (8ms)
				EditorAssembliesLoaded (0ms)
			ExecutionOrderSort2 (0ms)
			AwakeInstancesAfterBackupRestoration (5ms)
Platform modules already initialized, skipping
========================================================================
Worker process is ready to serve import requests
Launched and connected shader compiler UnityShaderCompiler.exe after 0.08 seconds
Refreshing native plugins compatible for Editor in 0.94 ms, found 4 plugins.
Preloading 0 native plugins for Editor in 0.00 ms.
Unloading 3913 Unused Serialized files (Serialized files now loaded: 0)
Unloading 40 unused Assets / (225.3 KB). Loaded Objects now: 4366.
Memory consumption went from 146.9 MB to 146.7 MB.
Total: 3.814600 ms (FindLiveObjects: 0.412400 ms CreateObjectMapping: 0.113700 ms MarkObjects: 3.063200 ms  DeleteObjects: 0.222100 ms)

AssetImportParameters requested are different than current active one (requested -> active):
  custom:video-decoder-ogg-theora: a1e56fd34408186e4bbccfd4996cb3dc -> 
  custom:container-muxer-webm: aa71ff27fc2769a1b78a27578f13a17b -> 
  custom:container-demuxer-webm: 4f35f7cbe854078d1ac9338744f61a02 -> 
  custom:video-encoder-webm-vp8: eb34c28f22e8b96e1ab97ce403110664 -> 
  custom:audio-encoder-webm-vorbis: bf7c407c2cedff20999df2af8eb42d56 -> 
  custom:framework-win-MediaFoundation: 216162199b28c13a410421893ffa2e32 -> 
  custom:container-demuxer-ogg: 62fdf1f143b41e24485cea50d1cbac27 -> 
  custom:video-decoder-webm-vp8: 9c59270c3fd7afecdb556c50c9e8de78 -> 
  custom:audio-decoder-ogg-vorbis: bf7c407c2cedff20999df2af8eb42d56 -> 
========================================================================
Received Import Request.
  Time since last request: 3565.021242 seconds.
  path: Assets/Sprites/Sprites/Enemy01/attack02.png
  artifactKey: Guid(0e02e008aa84c7247b00f2e26935c4f6) Importer(815301076,1909f56bfc062723c751e8b465ee728b)
Start importing Assets/Sprites/Sprites/Enemy01/attack02.png using Guid(0e02e008aa84c7247b00f2e26935c4f6) Importer(815301076,1909f56bfc062723c751e8b465ee728b)  -> (artifact id: '54f90c6c7a561d1759194b3a24d4c48e') in 0.110613 seconds 
========================================================================
Received Import Request.
  Time since last request: 0.000025 seconds.
  path: Assets/Sprites/Sprites/Enemy01/hit02.png
  artifactKey: Guid(304f9c0952215314cbcdb877884c8b0d) Importer(815301076,1909f56bfc062723c751e8b465ee728b)
Start importing Assets/Sprites/Sprites/Enemy01/hit02.png using Guid(304f9c0952215314cbcdb877884c8b0d) Importer(815301076,1909f56bfc062723c751e8b465ee728b)  -> (artifact id: 'aa47920d83f340f36ff7c411f34fa629') in 0.018232 seconds 
========================================================================
Received Import Request.
  Time since last request: 0.000024 seconds.
  path: Assets/Sprites/Sprites/Enemy01/attack06.png
  artifactKey: Guid(a51e7e4d21f719d4a92b9ad33d958ad4) Importer(815301076,1909f56bfc062723c751e8b465ee728b)
Start importing Assets/Sprites/Sprites/Enemy01/attack06.png using Guid(a51e7e4d21f719d4a92b9ad33d958ad4) Importer(815301076,1909f56bfc062723c751e8b465ee728b)  -> (artifact id: '70d7d543838339fa04b33f598d906b9e') in 0.017357 seconds 
========================================================================
Received Import Request.
  Time since last request: 0.000029 seconds.
  path: Assets/Sprites/Sprites/Enemy01/fly07.png
  artifactKey: Guid(7bc7a02c86e0706418de08a57e43913e) Importer(815301076,1909f56bfc062723c751e8b465ee728b)
Start importing Assets/Sprites/Sprites/Enemy01/fly07.png using Guid(7bc7a02c86e0706418de08a57e43913e) Importer(815301076,1909f56bfc062723c751e8b465ee728b)  -> (artifact id: '7020e7b16546eb869af729b36bd6de3d') in 0.016025 seconds 
========================================================================
Received Import Request.
  Time since last request: 0.000037 seconds.
  path: Assets/Sprites/Sprites/Enemy01/attack08.png
  artifactKey: Guid(75fe49e9f9759104d8864617aafe70e7) Importer(815301076,1909f56bfc062723c751e8b465ee728b)
Start importing Assets/Sprites/Sprites/Enemy01/attack08.png using Guid(75fe49e9f9759104d8864617aafe70e7) Importer(815301076,1909f56bfc062723c751e8b465ee728b)  -> (artifact id: 'bd7895a6c3f2988987c35bd250875f89') in 0.017711 seconds 
========================================================================
Received Import Request.
  Time since last request: 0.000030 seconds.
  path: Assets/Sprites/Sprites/Enemy01/hit03.png
  artifactKey: Guid(88d5a6d60669c044480c015fd06f7f82) Importer(815301076,1909f56bfc062723c751e8b465ee728b)
Start importing Assets/Sprites/Sprites/Enemy01/hit03.png using Guid(88d5a6d60669c044480c015fd06f7f82) Importer(815301076,1909f56bfc062723c751e8b465ee728b)  -> (artifact id: 'b2681e47b3d98d707d77aeebf7e50c79') in 0.018628 seconds 
========================================================================
Received Import Request.
  Time since last request: 0.000042 seconds.
  path: Assets/Sprites/Sprites/Enemy01/fly06.png
  artifactKey: Guid(cb9da0c7d9bb3db4aa5de58a78a6d220) Importer(815301076,1909f56bfc062723c751e8b465ee728b)
Start importing Assets/Sprites/Sprites/Enemy01/fly06.png using Guid(cb9da0c7d9bb3db4aa5de58a78a6d220) Importer(815301076,1909f56bfc062723c751e8b465ee728b)  -> (artifact id: 'cb82adad25e256306741e061155647ac') in 0.017603 seconds 
========================================================================
Received Import Request.
  Time since last request: 0.000032 seconds.
  path: Assets/Sprites/Sprites/Enemy01/attack09.png
  artifactKey: Guid(b799a47d66c66e749afd2137b6c80fb4) Importer(815301076,1909f56bfc062723c751e8b465ee728b)
Start importing Assets/Sprites/Sprites/Enemy01/attack09.png using Guid(b799a47d66c66e749afd2137b6c80fb4) Importer(815301076,1909f56bfc062723c751e8b465ee728b)  -> (artifact id: 'e48081bc94186822e75a937a8ab6f08a') in 0.015971 seconds 
========================================================================
Received Import Request.
  Time since last request: 0.000032 seconds.
  path: Assets/Sprites/Sprites/Enemy01/fly04.png
  artifactKey: Guid(e2b35eb1457068c4b9e4919a20dbcb47) Importer(815301076,1909f56bfc062723c751e8b465ee728b)
Start importing Assets/Sprites/Sprites/Enemy01/fly04.png using Guid(e2b35eb1457068c4b9e4919a20dbcb47) Importer(815301076,1909f56bfc062723c751e8b465ee728b)  -> (artifact id: '9d7492cc2e98fbf954ea0863530ba56b') in 0.016903 seconds 
========================================================================
Received Import Request.
  Time since last request: 0.000036 seconds.
  path: Assets/Sprites/Sprites/Enemy01/fly05.png
  artifactKey: Guid(8f7c2d8b87857884f82a710fda4fa863) Importer(815301076,1909f56bfc062723c751e8b465ee728b)
Start importing Assets/Sprites/Sprites/Enemy01/fly05.png using Guid(8f7c2d8b87857884f82a710fda4fa863) Importer(815301076,1909f56bfc062723c751e8b465ee728b)  -> (artifact id: '2905f0ef96932099f6a87c0b07a6187f') in 0.017450 seconds 
========================================================================
Received Import Request.
  Time since last request: 0.000026 seconds.
  path: Assets/Sprites/Sprites/Enemy01/fly01.png
  artifactKey: Guid(d5074dfd575621c488030e9748ea3f0c) Importer(815301076,1909f56bfc062723c751e8b465ee728b)
Start importing Assets/Sprites/Sprites/Enemy01/fly01.png using Guid(d5074dfd575621c488030e9748ea3f0c) Importer(815301076,1909f56bfc062723c751e8b465ee728b)  -> (artifact id: 'bf0e967654258763769cbaac496eff85') in 0.015957 seconds 
========================================================================
Received Import Request.
  Time since last request: 6.413849 seconds.
  path: Assets/Sprites/Sprites/Gino Character/PNG/hit,death_sheet.png
  artifactKey: Guid(a7161b0f5deb614469ae46a932c74015) Importer(815301076,1909f56bfc062723c751e8b465ee728b)
Start importing Assets/Sprites/Sprites/Gino Character/PNG/hit,death_sheet.png using Guid(a7161b0f5deb614469ae46a932c74015) Importer(815301076,1909f56bfc062723c751e8b465ee728b)  -> (artifact id: 'e25ac38245911967e3e5822deb1dfb9d') in 0.020711 seconds 
========================================================================
Received Import Request.
  Time since last request: 0.000029 seconds.
  path: Assets/Sprites/Sprites/Gino Character/PNG/slide_sheet.png
  artifactKey: Guid(20ffd6dc366896541bcfe2d00f160dce) Importer(815301076,1909f56bfc062723c751e8b465ee728b)
Start importing Assets/Sprites/Sprites/Gino Character/PNG/slide_sheet.png using Guid(20ffd6dc366896541bcfe2d00f160dce) Importer(815301076,1909f56bfc062723c751e8b465ee728b)  -> (artifact id: 'c275a0dfa73b6e5c3cef4d774e656871') in 0.024370 seconds 
========================================================================
Received Import Request.
  Time since last request: 0.000035 seconds.
  path: Assets/Sprites/Sprites/Gino Character/PNG/throw_attack_sheet.png
  artifactKey: Guid(4edd8ad9d08785744bd51fa89923eb42) Importer(815301076,1909f56bfc062723c751e8b465ee728b)
Start importing Assets/Sprites/Sprites/Gino Character/PNG/throw_attack_sheet.png using Guid(4edd8ad9d08785744bd51fa89923eb42) Importer(815301076,1909f56bfc062723c751e8b465ee728b)  -> (artifact id: '979d3e68850874e38e59abc714445dd4') in 0.021968 seconds 
========================================================================
Received Import Request.
  Time since last request: 0.000039 seconds.
  path: Assets/Sprites/Sprites/Gino Character/PNG/throw_dagger_sheet.png
  artifactKey: Guid(0dd55c163d738b0478699ee577f638ec) Importer(815301076,1909f56bfc062723c751e8b465ee728b)
Start importing Assets/Sprites/Sprites/Gino Character/PNG/throw_dagger_sheet.png using Guid(0dd55c163d738b0478699ee577f638ec) Importer(815301076,1909f56bfc062723c751e8b465ee728b)  -> (artifact id: '5aec9254abbaca2b68a18d20bbb4c2f1') in 0.016770 seconds 
========================================================================
Received Import Request.
  Time since last request: 36.820999 seconds.
  path: Assets/Sprites/Sprites/Gino Character/PNG/Idle, run, jump/idle03.png
  artifactKey: Guid(0d2b7f611c8452c45b67bfae25444ea4) Importer(815301076,1909f56bfc062723c751e8b465ee728b)
Start importing Assets/Sprites/Sprites/Gino Character/PNG/Idle, run, jump/idle03.png using Guid(0d2b7f611c8452c45b67bfae25444ea4) Importer(815301076,1909f56bfc062723c751e8b465ee728b)  -> (artifact id: '91e43b18a5f8320e0918324950282481') in 0.021476 seconds 
========================================================================
Received Import Request.
  Time since last request: 0.000023 seconds.
  path: Assets/Sprites/Sprites/Gino Character/PNG/Idle, run, jump/idle04.png
  artifactKey: Guid(52f5e6ba6c74bd642a3d61a093f0d21c) Importer(815301076,1909f56bfc062723c751e8b465ee728b)
Start importing Assets/Sprites/Sprites/Gino Character/PNG/Idle, run, jump/idle04.png using Guid(52f5e6ba6c74bd642a3d61a093f0d21c) Importer(815301076,1909f56bfc062723c751e8b465ee728b)  -> (artifact id: 'fc2966b7ea259b263587b215c7cb00e7') in 0.020268 seconds 
========================================================================
Received Import Request.
  Time since last request: 0.000043 seconds.
  path: Assets/Sprites/Sprites/Gino Character/PNG/Idle, run, jump/run01.png
  artifactKey: Guid(3921fc1ff6e74d944a418147b95eb1d6) Importer(815301076,1909f56bfc062723c751e8b465ee728b)
Start importing Assets/Sprites/Sprites/Gino Character/PNG/Idle, run, jump/run01.png using Guid(3921fc1ff6e74d944a418147b95eb1d6) Importer(815301076,1909f56bfc062723c751e8b465ee728b)  -> (artifact id: '915609e5388509c2e8913d6e746863e1') in 0.020083 seconds 
========================================================================
Received Import Request.
  Time since last request: 0.000026 seconds.
  path: Assets/Sprites/Sprites/Gino Character/PNG/Idle, run, jump/jump_mid04.png
  artifactKey: Guid(30fbc5a7874ebe643be8627a415f60cb) Importer(815301076,1909f56bfc062723c751e8b465ee728b)
Start importing Assets/Sprites/Sprites/Gino Character/PNG/Idle, run, jump/jump_mid04.png using Guid(30fbc5a7874ebe643be8627a415f60cb) Importer(815301076,1909f56bfc062723c751e8b465ee728b)  -> (artifact id: 'cbe7ae9a026415b81a38259985f00f00') in 0.018693 seconds 
========================================================================
Received Import Request.
  Time since last request: 0.000029 seconds.
  path: Assets/Sprites/Sprites/Gino Character/PNG/Idle, run, jump/idle05.png
  artifactKey: Guid(82e30c0abc300734ba13d158bac39033) Importer(815301076,1909f56bfc062723c751e8b465ee728b)
Start importing Assets/Sprites/Sprites/Gino Character/PNG/Idle, run, jump/idle05.png using Guid(82e30c0abc300734ba13d158bac39033) Importer(815301076,1909f56bfc062723c751e8b465ee728b)  -> (artifact id: 'db09425b55fada045346667206b6647d') in 0.019854 seconds 
========================================================================
Received Import Request.
  Time since last request: 0.000022 seconds.
  path: Assets/Sprites/Sprites/Gino Character/PNG/Idle, run, jump/idle09.png
  artifactKey: Guid(f45b3822421c84749a0ddf9a59feb669) Importer(815301076,1909f56bfc062723c751e8b465ee728b)
Start importing Assets/Sprites/Sprites/Gino Character/PNG/Idle, run, jump/idle09.png using Guid(f45b3822421c84749a0ddf9a59feb669) Importer(815301076,1909f56bfc062723c751e8b465ee728b)  -> (artifact id: 'f0e05cbbf0934e8d090d9b494fdfba5c') in 0.018514 seconds 
========================================================================
Received Import Request.
  Time since last request: 0.000030 seconds.
  path: Assets/Sprites/Sprites/Gino Character/PNG/Idle, run, jump/run08.png
  artifactKey: Guid(34f61e0c71bc85d409d0426da043964c) Importer(815301076,1909f56bfc062723c751e8b465ee728b)
Start importing Assets/Sprites/Sprites/Gino Character/PNG/Idle, run, jump/run08.png using Guid(34f61e0c71bc85d409d0426da043964c) Importer(815301076,1909f56bfc062723c751e8b465ee728b)  -> (artifact id: '0ae26b120149ff9e20995f83cbdf3b94') in 0.019769 seconds 
========================================================================
Received Import Request.
  Time since last request: 0.000075 seconds.
  path: Assets/Sprites/Sprites/Gino Character/PNG/Idle, run, jump/jump_mid02.png
  artifactKey: Guid(8c4264f6946cc7242b4050682ff7dd38) Importer(815301076,1909f56bfc062723c751e8b465ee728b)
Start importing Assets/Sprites/Sprites/Gino Character/PNG/Idle, run, jump/jump_mid02.png using Guid(8c4264f6946cc7242b4050682ff7dd38) Importer(815301076,1909f56bfc062723c751e8b465ee728b)  -> (artifact id: 'e2e03b57a609c39280f5f8ed0af8945f') in 0.019272 seconds 
========================================================================
Received Import Request.
  Time since last request: 5.397291 seconds.
  path: Assets/Sprites/Sprites/Gino Character/PNG/Slide/slide_end02.png
  artifactKey: Guid(23c3d9eee3e5d2443b965bd8d71e7291) Importer(815301076,1909f56bfc062723c751e8b465ee728b)
Start importing Assets/Sprites/Sprites/Gino Character/PNG/Slide/slide_end02.png using Guid(23c3d9eee3e5d2443b965bd8d71e7291) Importer(815301076,1909f56bfc062723c751e8b465ee728b)  -> (artifact id: 'eb0d6d67130868ff95a80f4f378b9734') in 0.016472 seconds 
========================================================================
Received Import Request.
  Time since last request: 2.771901 seconds.
  path: Assets/Sprites/Sprites/Gino Character/PNG/Ledge grab/ledge_grab01.png
  artifactKey: Guid(9496b5b7a5fa7c04f9e9f1a7ee7e50cb) Importer(815301076,1909f56bfc062723c751e8b465ee728b)
Start importing Assets/Sprites/Sprites/Gino Character/PNG/Ledge grab/ledge_grab01.png using Guid(9496b5b7a5fa7c04f9e9f1a7ee7e50cb) Importer(815301076,1909f56bfc062723c751e8b465ee728b)  -> (artifact id: '7b796ad9b4a958ffcaaa5ada8fd22fb5') in 0.017339 seconds 
========================================================================
Received Import Request.
  Time since last request: 2.634869 seconds.
  path: Assets/Sprites/Sprites/Gino Character/PNG/Throw attack/throw_attack03.png
  artifactKey: Guid(8f407cba8853bca4990d1b652246b04c) Importer(815301076,1909f56bfc062723c751e8b465ee728b)
Start importing Assets/Sprites/Sprites/Gino Character/PNG/Throw attack/throw_attack03.png using Guid(8f407cba8853bca4990d1b652246b04c) Importer(815301076,1909f56bfc062723c751e8b465ee728b)  -> (artifact id: 'ec645fce1e619f37cdebdf1d4eee50b2') in 0.016126 seconds 
========================================================================
Received Import Request.
  Time since last request: 0.000025 seconds.
  path: Assets/Sprites/Sprites/Gino Character/PNG/Throw attack/throw_dagger_hit03.png
  artifactKey: Guid(8721f1a7addd65b4a92ac2254ed127f6) Importer(815301076,1909f56bfc062723c751e8b465ee728b)
Start importing Assets/Sprites/Sprites/Gino Character/PNG/Throw attack/throw_dagger_hit03.png using Guid(8721f1a7addd65b4a92ac2254ed127f6) Importer(815301076,1909f56bfc062723c751e8b465ee728b)  -> (artifact id: '866ad4c535439366453fb50ca381ace0') in 0.018658 seconds 
========================================================================
Received Import Request.
  Time since last request: 0.000026 seconds.
  path: Assets/Sprites/Sprites/Gino Character/PNG/Throw attack/throw_attack07.png
  artifactKey: Guid(276195c1290ce4341b41e9296fb0df29) Importer(815301076,1909f56bfc062723c751e8b465ee728b)
Start importing Assets/Sprites/Sprites/Gino Character/PNG/Throw attack/throw_attack07.png using Guid(276195c1290ce4341b41e9296fb0df29) Importer(815301076,1909f56bfc062723c751e8b465ee728b)  -> (artifact id: 'd579c053114035c3261066207fa0690b') in 0.018285 seconds 
========================================================================
Received Import Request.
  Time since last request: 0.000038 seconds.
  path: Assets/Sprites/Sprites/Gino Character/PNG/Throw attack/throw_attack04.png
  artifactKey: Guid(aca044a6720b48d49a04224d921e35f3) Importer(815301076,1909f56bfc062723c751e8b465ee728b)
Start importing Assets/Sprites/Sprites/Gino Character/PNG/Throw attack/throw_attack04.png using Guid(aca044a6720b48d49a04224d921e35f3) Importer(815301076,1909f56bfc062723c751e8b465ee728b)  -> (artifact id: '65988c5e907b3196a74c672ee21d6d6a') in 0.015569 seconds 
========================================================================
Received Import Request.
  Time since last request: 30.814477 seconds.
  path: Assets/Sprites/Sprites/Gino Character/PSD/hit,death.psd
  artifactKey: Guid(7880035fe317eca41ba955775a58ac75) Importer(815301076,1909f56bfc062723c751e8b465ee728b)
Start importing Assets/Sprites/Sprites/Gino Character/PSD/hit,death.psd using Guid(7880035fe317eca41ba955775a58ac75) Importer(815301076,1909f56bfc062723c751e8b465ee728b)  -> (artifact id: '7c9cc163b6767e686ba773c7f8cb8170') in 0.020200 seconds 
========================================================================
Received Import Request.
  Time since last request: 0.000022 seconds.
  path: Assets/Sprites/Sprites/Gino Character/PSD/throw_dagger.psd
  artifactKey: Guid(de676f2772221d544bc247a8fd8a8297) Importer(815301076,1909f56bfc062723c751e8b465ee728b)
Start importing Assets/Sprites/Sprites/Gino Character/PSD/throw_dagger.psd using Guid(de676f2772221d544bc247a8fd8a8297) Importer(815301076,1909f56bfc062723c751e8b465ee728b)  -> (artifact id: 'bd2f2e34c3b299311aed5e0ebe8a411e') in 0.017604 seconds 
========================================================================
Received Import Request.
  Time since last request: 10.027632 seconds.
  path: Assets/Sprites/01. Rocky Level/background3.png
  artifactKey: Guid(ac048b9c8c44457428ea0607fda0f006) Importer(815301076,1909f56bfc062723c751e8b465ee728b)
Start importing Assets/Sprites/01. Rocky Level/background3.png using Guid(ac048b9c8c44457428ea0607fda0f006) Importer(815301076,1909f56bfc062723c751e8b465ee728b)  -> (artifact id: 'ed677027f4da666281d38ef46f1e1bc4') in 0.028625 seconds 
Editor requested this worker to shutdown with reason: Scaling down because of idle timeout
AssetImportWorker is now disconnected from the server
Process exiting
Exiting without the bug reporter. Application will terminate with return code 0