Using pre-set license
Built from '2021.3/staging' branch; Version is '2021.3.0f1 (6eacc8284459) revision 7253192'; Using compiler version '192829333'; Build Type 'Release'
OS: 'Windows 10  (10.0.19042) 64bit Enterprise' Language: 'ru' Physical Memory: 32675 MB
BatchMode: 1, IsHumanControllingUs: 0, StartBugReporterOnCrash: 0, Is64bit: 1, IsPro: 1

COMMAND LINE ARGUMENTS:
C:\Program Files\Unity\Hub\Editor\2021.3.0f1\Editor\Unity.exe
-adb2
-batchMode
-noUpm
-name
AssetImportWorker7
-projectPath
D:/GitHub/Unity/Tasks16-19Platformer
-logFile
Logs/AssetImportWorker7.log
-srvPort
63604
Successfully changed project path to: D:/GitHub/Unity/Tasks16-19Platformer
D:/GitHub/Unity/Tasks16-19Platformer
[UnityMemory] Configuration Parameters - Can be set up in boot.config
    "memorysetup-bucket-allocator-granularity=16"
    "memorysetup-bucket-allocator-bucket-count=8"
    "memorysetup-bucket-allocator-block-size=33554432"
    "memorysetup-bucket-allocator-block-count=8"
    "memorysetup-main-allocator-block-size=16777216"
    "memorysetup-thread-allocator-block-size=16777216"
    "memorysetup-gfx-main-allocator-block-size=16777216"
    "memorysetup-gfx-thread-allocator-block-size=16777216"
    "memorysetup-cache-allocator-block-size=4194304"
    "memorysetup-typetree-allocator-block-size=2097152"
    "memorysetup-profiler-bucket-allocator-granularity=16"
    "memorysetup-profiler-bucket-allocator-bucket-count=8"
    "memorysetup-profiler-bucket-allocator-block-size=33554432"
    "memorysetup-profiler-bucket-allocator-block-count=8"
    "memorysetup-profiler-allocator-block-size=16777216"
    "memorysetup-profiler-editor-allocator-block-size=1048576"
    "memorysetup-temp-allocator-size-main=16777216"
    "memorysetup-job-temp-allocator-block-size=2097152"
    "memorysetup-job-temp-allocator-block-size-background=1048576"
    "memorysetup-job-temp-allocator-reduction-small-platforms=262144"
    "memorysetup-temp-allocator-size-background-worker=32768"
    "memorysetup-temp-allocator-size-job-worker=262144"
    "memorysetup-temp-allocator-size-preload-manager=33554432"
    "memorysetup-temp-allocator-size-nav-mesh-worker=65536"
    "memorysetup-temp-allocator-size-audio-worker=65536"
    "memorysetup-temp-allocator-size-cloud-worker=32768"
    "memorysetup-temp-allocator-size-gi-baking-worker=262144"
    "memorysetup-temp-allocator-size-gfx=262144"
Refreshing native plugins compatible for Editor in 97.32 ms, found 4 plugins.
Preloading 0 native plugins for Editor in 0.00 ms.
Initialize engine version: 2021.3.0f1 (6eacc8284459)
[Subsystems] Discovering subsystems at path C:/Program Files/Unity/Hub/Editor/2021.3.0f1/Editor/Data/Resources/UnitySubsystems
[Subsystems] Discovering subsystems at path D:/GitHub/Unity/Tasks16-19Platformer/Assets
GfxDevice: creating device client; threaded=0; jobified=0
Direct3D:
    Version:  Direct3D 11.0 [level 11.1]
    Renderer: NVIDIA GeForce RTX 3060 (ID=0x2487)
    Vendor:   NVIDIA
    VRAM:     12137 MB
    Driver:   30.0.15.1277
Initialize mono
Mono path[0] = 'C:/Program Files/Unity/Hub/Editor/2021.3.0f1/Editor/Data/Managed'
Mono path[1] = 'C:/Program Files/Unity/Hub/Editor/2021.3.0f1/Editor/Data/MonoBleedingEdge/lib/mono/unityjit-win32'
Mono config path = 'C:/Program Files/Unity/Hub/Editor/2021.3.0f1/Editor/Data/MonoBleedingEdge/etc'
Using monoOptions --debugger-agent=transport=dt_socket,embedding=1,server=y,suspend=n,address=127.0.0.1:56904
Begin MonoManager ReloadAssembly
Registering precompiled unity dll's ...
Register platform support module: C:/Program Files/Unity/Hub/Editor/2021.3.0f1/Editor/Data/PlaybackEngines/WebGLSupport/UnityEditor.WebGL.Extensions.dll
Register platform support module: C:/Program Files/Unity/Hub/Editor/2021.3.0f1/Editor/Data/PlaybackEngines/WindowsStandaloneSupport/UnityEditor.WindowsStandalone.Extensions.dll
Registered in 0.004477 seconds.
Native extension for WindowsStandalone target not found
Native extension for WebGL target not found
Refreshing native plugins compatible for Editor in 92.53 ms, found 4 plugins.
Preloading 0 native plugins for Editor in 0.00 ms.
Mono: successfully reloaded assembly
- Completed reload, in  0.590 seconds
Domain Reload Profiling:
	ReloadAssembly (591ms)
		BeginReloadAssembly (59ms)
			ExecutionOrderSort (0ms)
			DisableScriptedObjects (0ms)
			BackupInstance (0ms)
			ReleaseScriptingObjects (0ms)
			CreateAndSetChildDomain (1ms)
		EndReloadAssembly (435ms)
			LoadAssemblies (58ms)
			RebuildTransferFunctionScriptingTraits (0ms)
			SetupTypeCache (95ms)
			ReleaseScriptCaches (0ms)
			RebuildScriptCaches (28ms)
			SetupLoadedEditorAssemblies (262ms)
				LogAssemblyErrors (0ms)
				InitializePlatformSupportModulesInManaged (8ms)
				SetLoadedEditorAssemblies (0ms)
				RefreshPlugins (93ms)
				BeforeProcessingInitializeOnLoad (1ms)
				ProcessInitializeOnLoadAttributes (115ms)
				ProcessInitializeOnLoadMethodAttributes (45ms)
				AfterProcessingInitializeOnLoad (0ms)
				EditorAssembliesLoaded (0ms)
			ExecutionOrderSort2 (0ms)
			AwakeInstancesAfterBackupRestoration (0ms)
Platform modules already initialized, skipping
Registering precompiled user dll's ...
Registered in 0.003504 seconds.
Begin MonoManager ReloadAssembly
Symbol file LoadedFromMemory doesn't match image D:\GitHub\Unity\Tasks16-19Platformer\Library\PackageCache\com.unity.visualscripting@1.7.6\Editor\VisualScripting.Core\Dependencies\YamlDotNet\Unity.VisualScripting.YamlDotNet.dll
Symbol file LoadedFromMemory is not a mono symbol file
Symbol file LoadedFromMemory doesn't match image D:\GitHub\Unity\Tasks16-19Platformer\Library\PackageCache\com.unity.visualscripting@1.7.6\Editor\VisualScripting.Core\Dependencies\DotNetZip\Unity.VisualScripting.IonicZip.dll
Native extension for WindowsStandalone target not found
Native extension for WebGL target not found
Refreshing native plugins compatible for Editor in 116.75 ms, found 4 plugins.
Preloading 0 native plugins for Editor in 0.00 ms.
Mono: successfully reloaded assembly
- Completed reload, in  1.094 seconds
Domain Reload Profiling:
	ReloadAssembly (1094ms)
		BeginReloadAssembly (105ms)
			ExecutionOrderSort (0ms)
			DisableScriptedObjects (5ms)
			BackupInstance (0ms)
			ReleaseScriptingObjects (0ms)
			CreateAndSetChildDomain (20ms)
		EndReloadAssembly (885ms)
			LoadAssemblies (81ms)
			RebuildTransferFunctionScriptingTraits (0ms)
			SetupTypeCache (215ms)
			ReleaseScriptCaches (1ms)
			RebuildScriptCaches (54ms)
			SetupLoadedEditorAssemblies (487ms)
				LogAssemblyErrors (0ms)
				InitializePlatformSupportModulesInManaged (5ms)
				SetLoadedEditorAssemblies (0ms)
				RefreshPlugins (117ms)
				BeforeProcessingInitializeOnLoad (110ms)
				ProcessInitializeOnLoadAttributes (204ms)
				ProcessInitializeOnLoadMethodAttributes (44ms)
				AfterProcessingInitializeOnLoad (7ms)
				EditorAssembliesLoaded (0ms)
			ExecutionOrderSort2 (0ms)
			AwakeInstancesAfterBackupRestoration (8ms)
Platform modules already initialized, skipping
========================================================================
Worker process is ready to serve import requests
Launched and connected shader compiler UnityShaderCompiler.exe after 0.22 seconds
Refreshing native plugins compatible for Editor in 0.90 ms, found 4 plugins.
Preloading 0 native plugins for Editor in 0.00 ms.
Unloading 3913 Unused Serialized files (Serialized files now loaded: 0)
Unloading 40 unused Assets / (225.4 KB). Loaded Objects now: 4366.
Memory consumption went from 146.9 MB to 146.7 MB.
Total: 4.117600 ms (FindLiveObjects: 0.433700 ms CreateObjectMapping: 0.156700 ms MarkObjects: 3.282600 ms  DeleteObjects: 0.242300 ms)

AssetImportParameters requested are different than current active one (requested -> active):
  custom:video-decoder-ogg-theora: a1e56fd34408186e4bbccfd4996cb3dc -> 
  custom:container-muxer-webm: aa71ff27fc2769a1b78a27578f13a17b -> 
  custom:container-demuxer-webm: 4f35f7cbe854078d1ac9338744f61a02 -> 
  custom:video-encoder-webm-vp8: eb34c28f22e8b96e1ab97ce403110664 -> 
  custom:audio-encoder-webm-vorbis: bf7c407c2cedff20999df2af8eb42d56 -> 
  custom:framework-win-MediaFoundation: 216162199b28c13a410421893ffa2e32 -> 
  custom:container-demuxer-ogg: 62fdf1f143b41e24485cea50d1cbac27 -> 
  custom:video-decoder-webm-vp8: 9c59270c3fd7afecdb556c50c9e8de78 -> 
  custom:audio-decoder-ogg-vorbis: bf7c407c2cedff20999df2af8eb42d56 -> 
========================================================================
Received Import Request.
  Time since last request: 31995.439868 seconds.
  path: Assets/Sprites/Sprites/Gino Character/PNG/Attacks/AttackA02.png
  artifactKey: Guid(1a96b59451d3128499ccad821f79ed61) Importer(815301076,1909f56bfc062723c751e8b465ee728b)
Start importing Assets/Sprites/Sprites/Gino Character/PNG/Attacks/AttackA02.png using Guid(1a96b59451d3128499ccad821f79ed61) Importer(815301076,1909f56bfc062723c751e8b465ee728b)  -> (artifact id: '074f1e7861dbba28ec52ff3e919ca3f1') in 0.120535 seconds 
========================================================================
Received Import Request.
  Time since last request: 0.000027 seconds.
  path: Assets/Sprites/Sprites/Gino Character/PNG/Attacks/AttackB04.png
  artifactKey: Guid(e78466babf465994aa8953c019fed51e) Importer(815301076,1909f56bfc062723c751e8b465ee728b)
Start importing Assets/Sprites/Sprites/Gino Character/PNG/Attacks/AttackB04.png using Guid(e78466babf465994aa8953c019fed51e) Importer(815301076,1909f56bfc062723c751e8b465ee728b)  -> (artifact id: '228c80fd02260427cf5460bcac686405') in 0.018089 seconds 
========================================================================
Received Import Request.
  Time since last request: 0.000034 seconds.
  path: Assets/Sprites/Sprites/Gino Character/PNG/Attacks/AttackB05.png
  artifactKey: Guid(3a60747f73521cd4abee9fa5ee167e65) Importer(815301076,1909f56bfc062723c751e8b465ee728b)
Start importing Assets/Sprites/Sprites/Gino Character/PNG/Attacks/AttackB05.png using Guid(3a60747f73521cd4abee9fa5ee167e65) Importer(815301076,1909f56bfc062723c751e8b465ee728b)  -> (artifact id: '1aee6d63de4e0f1b695675552f5cf15f') in 0.017003 seconds 
========================================================================
Received Import Request.
  Time since last request: 0.000056 seconds.
  path: Assets/Sprites/Sprites/Gino Character/PNG/Attacks/AttackC05.png
  artifactKey: Guid(5fa727cc87527b048a676a089aa91a4e) Importer(815301076,1909f56bfc062723c751e8b465ee728b)
Start importing Assets/Sprites/Sprites/Gino Character/PNG/Attacks/AttackC05.png using Guid(5fa727cc87527b048a676a089aa91a4e) Importer(815301076,1909f56bfc062723c751e8b465ee728b)  -> (artifact id: '8f42291645175f86923467d351b0fb2d') in 0.015969 seconds 
========================================================================
Received Import Request.
  Time since last request: 0.000035 seconds.
  path: Assets/Sprites/Sprites/Gino Character/PNG/Attacks/AttackC07.png
  artifactKey: Guid(946b524a4c009fa49901e46d147353ba) Importer(815301076,1909f56bfc062723c751e8b465ee728b)
Start importing Assets/Sprites/Sprites/Gino Character/PNG/Attacks/AttackC07.png using Guid(946b524a4c009fa49901e46d147353ba) Importer(815301076,1909f56bfc062723c751e8b465ee728b)  -> (artifact id: 'f49918051dc942d8797ce8d527f4d070') in 0.016868 seconds 
========================================================================
Received Import Request.
  Time since last request: 0.000027 seconds.
  path: Assets/Sprites/Sprites/Gino Character/PNG/Attacks/AttackA03.png
  artifactKey: Guid(8c9b73ec2b5044b44b7a6e9efa48743f) Importer(815301076,1909f56bfc062723c751e8b465ee728b)
Start importing Assets/Sprites/Sprites/Gino Character/PNG/Attacks/AttackA03.png using Guid(8c9b73ec2b5044b44b7a6e9efa48743f) Importer(815301076,1909f56bfc062723c751e8b465ee728b)  -> (artifact id: '5a22edab93e8b0066483745347266ed4') in 0.015393 seconds 
========================================================================
Received Import Request.
  Time since last request: 0.000030 seconds.
  path: Assets/Sprites/Sprites/Gino Character/PNG/Attacks/AttackB03.png
  artifactKey: Guid(f4f654ececf1b2649ad98f8e87e68156) Importer(815301076,1909f56bfc062723c751e8b465ee728b)
Start importing Assets/Sprites/Sprites/Gino Character/PNG/Attacks/AttackB03.png using Guid(f4f654ececf1b2649ad98f8e87e68156) Importer(815301076,1909f56bfc062723c751e8b465ee728b)  -> (artifact id: '781884b36c3a768cc52c8e96ca8708d5') in 0.017320 seconds 
========================================================================
Received Import Request.
  Time since last request: 0.000028 seconds.
  path: Assets/Sprites/Sprites/Gino Character/PNG/Attacks/AttackD02.png
  artifactKey: Guid(ebd359cd5e9bd444da8895d1de567d36) Importer(815301076,1909f56bfc062723c751e8b465ee728b)
Start importing Assets/Sprites/Sprites/Gino Character/PNG/Attacks/AttackD02.png using Guid(ebd359cd5e9bd444da8895d1de567d36) Importer(815301076,1909f56bfc062723c751e8b465ee728b)  -> (artifact id: '0100d025d369141ba53ab9f5c186a2a3') in 0.016950 seconds 
========================================================================
Received Import Request.
  Time since last request: 0.000022 seconds.
  path: Assets/Sprites/Sprites/Gino Character/PNG/Attacks/AttackD08.png
  artifactKey: Guid(2d0e3d5a7efb6ba448bfbd4661df989b) Importer(815301076,1909f56bfc062723c751e8b465ee728b)
Start importing Assets/Sprites/Sprites/Gino Character/PNG/Attacks/AttackD08.png using Guid(2d0e3d5a7efb6ba448bfbd4661df989b) Importer(815301076,1909f56bfc062723c751e8b465ee728b)  -> (artifact id: '8ab24ac63d4a329929cf0cb9c3e4461d') in 0.015117 seconds 
========================================================================
Received Import Request.
  Time since last request: 0.000028 seconds.
  path: Assets/Sprites/Sprites/Gino Character/PNG/Attacks/AttackC06.png
  artifactKey: Guid(d4f8b0e4f4bf66f478966d6e0ae40260) Importer(815301076,1909f56bfc062723c751e8b465ee728b)
Start importing Assets/Sprites/Sprites/Gino Character/PNG/Attacks/AttackC06.png using Guid(d4f8b0e4f4bf66f478966d6e0ae40260) Importer(815301076,1909f56bfc062723c751e8b465ee728b)  -> (artifact id: '52cf9eadfac6fe1394c1665b34f37dea') in 0.016655 seconds 
========================================================================
Received Import Request.
  Time since last request: 0.000027 seconds.
  path: Assets/Sprites/Sprites/Gino Character/PNG/Attacks/AttackD06.png
  artifactKey: Guid(41e51b0a60fba1f4fa0efa5f5bfbef2b) Importer(815301076,1909f56bfc062723c751e8b465ee728b)
Start importing Assets/Sprites/Sprites/Gino Character/PNG/Attacks/AttackD06.png using Guid(41e51b0a60fba1f4fa0efa5f5bfbef2b) Importer(815301076,1909f56bfc062723c751e8b465ee728b)  -> (artifact id: '9d68ee34b00bed0c771b63e49391674f') in 0.019154 seconds 
========================================================================
Received Import Request.
  Time since last request: 0.000028 seconds.
  path: Assets/Sprites/Sprites/Gino Character/PNG/Attacks/AttackD07.png
  artifactKey: Guid(d4c3b5f4223dc9a44a0451e337b39c1b) Importer(815301076,1909f56bfc062723c751e8b465ee728b)
Start importing Assets/Sprites/Sprites/Gino Character/PNG/Attacks/AttackD07.png using Guid(d4c3b5f4223dc9a44a0451e337b39c1b) Importer(815301076,1909f56bfc062723c751e8b465ee728b)  -> (artifact id: 'bfd97f3dd62fbf7803fd172969d3a722') in 0.016081 seconds 
========================================================================
Received Import Request.
  Time since last request: 26.778467 seconds.
  path: Assets/Sprites/Sprites/Gino Character/PNG/Hit, death/death02.png
  artifactKey: Guid(7bf32b33c40ae3a4b848085be72999de) Importer(815301076,1909f56bfc062723c751e8b465ee728b)
Start importing Assets/Sprites/Sprites/Gino Character/PNG/Hit, death/death02.png using Guid(7bf32b33c40ae3a4b848085be72999de) Importer(815301076,1909f56bfc062723c751e8b465ee728b)  -> (artifact id: '7095769a689c1f08db431c1fce20a1ab') in 0.016987 seconds 
========================================================================
Received Import Request.
  Time since last request: 0.000036 seconds.
  path: Assets/Sprites/Sprites/Gino Character/PNG/Hit, death/death03.png
  artifactKey: Guid(f7ab15e65a76d8e4d847e321932dea85) Importer(815301076,1909f56bfc062723c751e8b465ee728b)
Start importing Assets/Sprites/Sprites/Gino Character/PNG/Hit, death/death03.png using Guid(f7ab15e65a76d8e4d847e321932dea85) Importer(815301076,1909f56bfc062723c751e8b465ee728b)  -> (artifact id: 'be519bbda62bb1d504fbe2cd687a7809') in 0.018009 seconds 
========================================================================
Received Prepare
Registering precompiled user dll's ...
Registered in 0.003362 seconds.
Begin MonoManager ReloadAssembly
Symbol file LoadedFromMemory doesn't match image D:\GitHub\Unity\Tasks16-19Platformer\Library\PackageCache\com.unity.visualscripting@1.7.6\Editor\VisualScripting.Core\Dependencies\YamlDotNet\Unity.VisualScripting.YamlDotNet.dll
Symbol file LoadedFromMemory is not a mono symbol file
Symbol file LoadedFromMemory doesn't match image D:\GitHub\Unity\Tasks16-19Platformer\Library\PackageCache\com.unity.visualscripting@1.7.6\Editor\VisualScripting.Core\Dependencies\DotNetZip\Unity.VisualScripting.IonicZip.dll
Native extension for WindowsStandalone target not found
Native extension for WebGL target not found
Refreshing native plugins compatible for Editor in 0.99 ms, found 4 plugins.
Preloading 0 native plugins for Editor in 0.00 ms.
Mono: successfully reloaded assembly
- Completed reload, in  0.931 seconds
Domain Reload Profiling:
	ReloadAssembly (931ms)
		BeginReloadAssembly (123ms)
			ExecutionOrderSort (0ms)
			DisableScriptedObjects (6ms)
			BackupInstance (0ms)
			ReleaseScriptingObjects (0ms)
			CreateAndSetChildDomain (36ms)
		EndReloadAssembly (721ms)
			LoadAssemblies (84ms)
			RebuildTransferFunctionScriptingTraits (0ms)
			SetupTypeCache (222ms)
			ReleaseScriptCaches (2ms)
			RebuildScriptCaches (46ms)
			SetupLoadedEditorAssemblies (326ms)
				LogAssemblyErrors (0ms)
				InitializePlatformSupportModulesInManaged (13ms)
				SetLoadedEditorAssemblies (0ms)
				RefreshPlugins (1ms)
				BeforeProcessingInitializeOnLoad (69ms)
				ProcessInitializeOnLoadAttributes (197ms)
				ProcessInitializeOnLoadMethodAttributes (40ms)
				AfterProcessingInitializeOnLoad (6ms)
				EditorAssembliesLoaded (0ms)
			ExecutionOrderSort2 (0ms)
			AwakeInstancesAfterBackupRestoration (8ms)
Platform modules already initialized, skipping
Refreshing native plugins compatible for Editor in 2.15 ms, found 4 plugins.
Preloading 0 native plugins for Editor in 0.00 ms.
Unloading 3908 Unused Serialized files (Serialized files now loaded: 0)
Unloading 27 unused Assets / (192.3 KB). Loaded Objects now: 4374.
Memory consumption went from 151.2 MB to 151.0 MB.
Total: 4.729300 ms (FindLiveObjects: 0.421600 ms CreateObjectMapping: 0.156000 ms MarkObjects: 3.203100 ms  DeleteObjects: 0.946800 ms)

AssetImportParameters requested are different than current active one (requested -> active):
  custom:video-decoder-ogg-theora: a1e56fd34408186e4bbccfd4996cb3dc -> 
  custom:container-muxer-webm: aa71ff27fc2769a1b78a27578f13a17b -> 
  custom:container-demuxer-webm: 4f35f7cbe854078d1ac9338744f61a02 -> 
  custom:video-encoder-webm-vp8: eb34c28f22e8b96e1ab97ce403110664 -> 
  custom:audio-encoder-webm-vorbis: bf7c407c2cedff20999df2af8eb42d56 -> 
  custom:framework-win-MediaFoundation: 216162199b28c13a410421893ffa2e32 -> 
  custom:container-demuxer-ogg: 62fdf1f143b41e24485cea50d1cbac27 -> 
  custom:video-decoder-webm-vp8: 9c59270c3fd7afecdb556c50c9e8de78 -> 
  custom:audio-decoder-ogg-vorbis: bf7c407c2cedff20999df2af8eb42d56 -> 
========================================================================
Received Import Request.
  Time since last request: 251.224994 seconds.
  path: Assets/Sprites/Sprites/Gino Character/PNG/Attacks/AttackA02.png
  artifactKey: Guid(1a96b59451d3128499ccad821f79ed61) Importer(815301076,1909f56bfc062723c751e8b465ee728b)
Start importing Assets/Sprites/Sprites/Gino Character/PNG/Attacks/AttackA02.png using Guid(1a96b59451d3128499ccad821f79ed61) Importer(815301076,1909f56bfc062723c751e8b465ee728b)  -> (artifact id: 'a170be896beb9e9065712ea75bd3f210') in 0.072912 seconds 
========================================================================
Received Import Request.
  Time since last request: 0.000045 seconds.
  path: Assets/Sprites/Sprites/Gino Character/PNG/Attacks/AttackA03.png
  artifactKey: Guid(8c9b73ec2b5044b44b7a6e9efa48743f) Importer(815301076,1909f56bfc062723c751e8b465ee728b)
Start importing Assets/Sprites/Sprites/Gino Character/PNG/Attacks/AttackA03.png using Guid(8c9b73ec2b5044b44b7a6e9efa48743f) Importer(815301076,1909f56bfc062723c751e8b465ee728b)  -> (artifact id: 'b94661a7ddee52b852a011e99950754a') in 0.017748 seconds 
========================================================================
Received Import Request.
  Time since last request: 0.000041 seconds.
  path: Assets/Sprites/Sprites/Gino Character/PNG/Attacks/AttackA07.png
  artifactKey: Guid(2f7f0c35cb4aab64380b8c87f1c02761) Importer(815301076,1909f56bfc062723c751e8b465ee728b)
Start importing Assets/Sprites/Sprites/Gino Character/PNG/Attacks/AttackA07.png using Guid(2f7f0c35cb4aab64380b8c87f1c02761) Importer(815301076,1909f56bfc062723c751e8b465ee728b)  -> (artifact id: 'd99ec9196d81670832d7c388a0fdfd96') in 0.017704 seconds 
Editor requested this worker to shutdown with reason: Scaling down because of idle timeout
AssetImportWorker is now disconnected from the server
Process exiting
Exiting without the bug reporter. Application will terminate with return code 0