Using pre-set license
Built from '2021.3/staging' branch; Version is '2021.3.0f1 (6eacc8284459) revision 7253192'; Using compiler version '192829333'; Build Type 'Release'
OS: 'Windows 10  (10.0.19042) 64bit Enterprise' Language: 'ru' Physical Memory: 32675 MB
BatchMode: 1, IsHumanControllingUs: 0, StartBugReporterOnCrash: 0, Is64bit: 1, IsPro: 1

COMMAND LINE ARGUMENTS:
C:\Program Files\Unity\Hub\Editor\2021.3.0f1\Editor\Unity.exe
-adb2
-batchMode
-noUpm
-name
AssetImportWorker6
-projectPath
D:/GitHub/Unity/Tasks16-19Platformer
-logFile
Logs/AssetImportWorker6.log
-srvPort
63604
Successfully changed project path to: D:/GitHub/Unity/Tasks16-19Platformer
D:/GitHub/Unity/Tasks16-19Platformer
[UnityMemory] Configuration Parameters - Can be set up in boot.config
    "memorysetup-bucket-allocator-granularity=16"
    "memorysetup-bucket-allocator-bucket-count=8"
    "memorysetup-bucket-allocator-block-size=33554432"
    "memorysetup-bucket-allocator-block-count=8"
    "memorysetup-main-allocator-block-size=16777216"
    "memorysetup-thread-allocator-block-size=16777216"
    "memorysetup-gfx-main-allocator-block-size=16777216"
    "memorysetup-gfx-thread-allocator-block-size=16777216"
    "memorysetup-cache-allocator-block-size=4194304"
    "memorysetup-typetree-allocator-block-size=2097152"
    "memorysetup-profiler-bucket-allocator-granularity=16"
    "memorysetup-profiler-bucket-allocator-bucket-count=8"
    "memorysetup-profiler-bucket-allocator-block-size=33554432"
    "memorysetup-profiler-bucket-allocator-block-count=8"
    "memorysetup-profiler-allocator-block-size=16777216"
    "memorysetup-profiler-editor-allocator-block-size=1048576"
    "memorysetup-temp-allocator-size-main=16777216"
    "memorysetup-job-temp-allocator-block-size=2097152"
    "memorysetup-job-temp-allocator-block-size-background=1048576"
    "memorysetup-job-temp-allocator-reduction-small-platforms=262144"
    "memorysetup-temp-allocator-size-background-worker=32768"
    "memorysetup-temp-allocator-size-job-worker=262144"
    "memorysetup-temp-allocator-size-preload-manager=33554432"
    "memorysetup-temp-allocator-size-nav-mesh-worker=65536"
    "memorysetup-temp-allocator-size-audio-worker=65536"
    "memorysetup-temp-allocator-size-cloud-worker=32768"
    "memorysetup-temp-allocator-size-gi-baking-worker=262144"
    "memorysetup-temp-allocator-size-gfx=262144"
Refreshing native plugins compatible for Editor in 95.35 ms, found 4 plugins.
Preloading 0 native plugins for Editor in 0.00 ms.
Initialize engine version: 2021.3.0f1 (6eacc8284459)
[Subsystems] Discovering subsystems at path C:/Program Files/Unity/Hub/Editor/2021.3.0f1/Editor/Data/Resources/UnitySubsystems
[Subsystems] Discovering subsystems at path D:/GitHub/Unity/Tasks16-19Platformer/Assets
GfxDevice: creating device client; threaded=0; jobified=0
Direct3D:
    Version:  Direct3D 11.0 [level 11.1]
    Renderer: NVIDIA GeForce RTX 3060 (ID=0x2487)
    Vendor:   NVIDIA
    VRAM:     12137 MB
    Driver:   30.0.15.1277
Initialize mono
Mono path[0] = 'C:/Program Files/Unity/Hub/Editor/2021.3.0f1/Editor/Data/Managed'
Mono path[1] = 'C:/Program Files/Unity/Hub/Editor/2021.3.0f1/Editor/Data/MonoBleedingEdge/lib/mono/unityjit-win32'
Mono config path = 'C:/Program Files/Unity/Hub/Editor/2021.3.0f1/Editor/Data/MonoBleedingEdge/etc'
Using monoOptions --debugger-agent=transport=dt_socket,embedding=1,server=y,suspend=n,address=127.0.0.1:56548
Begin MonoManager ReloadAssembly
Registering precompiled unity dll's ...
Register platform support module: C:/Program Files/Unity/Hub/Editor/2021.3.0f1/Editor/Data/PlaybackEngines/WebGLSupport/UnityEditor.WebGL.Extensions.dll
Register platform support module: C:/Program Files/Unity/Hub/Editor/2021.3.0f1/Editor/Data/PlaybackEngines/WindowsStandaloneSupport/UnityEditor.WindowsStandalone.Extensions.dll
Registered in 0.004598 seconds.
Native extension for WindowsStandalone target not found
Native extension for WebGL target not found
Refreshing native plugins compatible for Editor in 92.64 ms, found 4 plugins.
Preloading 0 native plugins for Editor in 0.00 ms.
Mono: successfully reloaded assembly
- Completed reload, in  0.601 seconds
Domain Reload Profiling:
	ReloadAssembly (602ms)
		BeginReloadAssembly (64ms)
			ExecutionOrderSort (0ms)
			DisableScriptedObjects (0ms)
			BackupInstance (0ms)
			ReleaseScriptingObjects (0ms)
			CreateAndSetChildDomain (1ms)
		EndReloadAssembly (435ms)
			LoadAssemblies (63ms)
			RebuildTransferFunctionScriptingTraits (0ms)
			SetupTypeCache (97ms)
			ReleaseScriptCaches (0ms)
			RebuildScriptCaches (29ms)
			SetupLoadedEditorAssemblies (264ms)
				LogAssemblyErrors (0ms)
				InitializePlatformSupportModulesInManaged (9ms)
				SetLoadedEditorAssemblies (0ms)
				RefreshPlugins (93ms)
				BeforeProcessingInitializeOnLoad (1ms)
				ProcessInitializeOnLoadAttributes (120ms)
				ProcessInitializeOnLoadMethodAttributes (42ms)
				AfterProcessingInitializeOnLoad (0ms)
				EditorAssembliesLoaded (0ms)
			ExecutionOrderSort2 (0ms)
			AwakeInstancesAfterBackupRestoration (0ms)
Platform modules already initialized, skipping
Registering precompiled user dll's ...
Registered in 0.003314 seconds.
Begin MonoManager ReloadAssembly
Symbol file LoadedFromMemory doesn't match image D:\GitHub\Unity\Tasks16-19Platformer\Library\PackageCache\com.unity.visualscripting@1.7.6\Editor\VisualScripting.Core\Dependencies\YamlDotNet\Unity.VisualScripting.YamlDotNet.dll
Symbol file LoadedFromMemory is not a mono symbol file
Symbol file LoadedFromMemory doesn't match image D:\GitHub\Unity\Tasks16-19Platformer\Library\PackageCache\com.unity.visualscripting@1.7.6\Editor\VisualScripting.Core\Dependencies\DotNetZip\Unity.VisualScripting.IonicZip.dll
Native extension for WindowsStandalone target not found
Native extension for WebGL target not found
Refreshing native plugins compatible for Editor in 92.70 ms, found 4 plugins.
Preloading 0 native plugins for Editor in 0.00 ms.
Mono: successfully reloaded assembly
- Completed reload, in  1.094 seconds
Domain Reload Profiling:
	ReloadAssembly (1094ms)
		BeginReloadAssembly (97ms)
			ExecutionOrderSort (0ms)
			DisableScriptedObjects (5ms)
			BackupInstance (0ms)
			ReleaseScriptingObjects (0ms)
			CreateAndSetChildDomain (20ms)
		EndReloadAssembly (893ms)
			LoadAssemblies (77ms)
			RebuildTransferFunctionScriptingTraits (0ms)
			SetupTypeCache (225ms)
			ReleaseScriptCaches (1ms)
			RebuildScriptCaches (83ms)
			SetupLoadedEditorAssemblies (433ms)
				LogAssemblyErrors (0ms)
				InitializePlatformSupportModulesInManaged (5ms)
				SetLoadedEditorAssemblies (0ms)
				RefreshPlugins (93ms)
				BeforeProcessingInitializeOnLoad (90ms)
				ProcessInitializeOnLoadAttributes (198ms)
				ProcessInitializeOnLoadMethodAttributes (42ms)
				AfterProcessingInitializeOnLoad (5ms)
				EditorAssembliesLoaded (0ms)
			ExecutionOrderSort2 (0ms)
			AwakeInstancesAfterBackupRestoration (5ms)
Platform modules already initialized, skipping
========================================================================
Worker process is ready to serve import requests
Launched and connected shader compiler UnityShaderCompiler.exe after 0.10 seconds
Refreshing native plugins compatible for Editor in 0.95 ms, found 4 plugins.
Preloading 0 native plugins for Editor in 0.00 ms.
Unloading 3913 Unused Serialized files (Serialized files now loaded: 0)
Unloading 40 unused Assets / (225.3 KB). Loaded Objects now: 4366.
Memory consumption went from 146.9 MB to 146.7 MB.
Total: 4.037700 ms (FindLiveObjects: 0.459500 ms CreateObjectMapping: 0.177900 ms MarkObjects: 3.214500 ms  DeleteObjects: 0.183300 ms)

AssetImportParameters requested are different than current active one (requested -> active):
  custom:video-decoder-ogg-theora: a1e56fd34408186e4bbccfd4996cb3dc -> 
  custom:container-muxer-webm: aa71ff27fc2769a1b78a27578f13a17b -> 
  custom:container-demuxer-webm: 4f35f7cbe854078d1ac9338744f61a02 -> 
  custom:video-encoder-webm-vp8: eb34c28f22e8b96e1ab97ce403110664 -> 
  custom:audio-encoder-webm-vorbis: bf7c407c2cedff20999df2af8eb42d56 -> 
  custom:framework-win-MediaFoundation: 216162199b28c13a410421893ffa2e32 -> 
  custom:container-demuxer-ogg: 62fdf1f143b41e24485cea50d1cbac27 -> 
  custom:video-decoder-webm-vp8: 9c59270c3fd7afecdb556c50c9e8de78 -> 
  custom:audio-decoder-ogg-vorbis: bf7c407c2cedff20999df2af8eb42d56 -> 
========================================================================
Received Import Request.
  Time since last request: 30838.389245 seconds.
  path: Assets/Animations/idle01.controller
  artifactKey: Guid(464e28c892c17ec478bee5ec31b80c39) Importer(815301076,1909f56bfc062723c751e8b465ee728b)
Start importing Assets/Animations/idle01.controller using Guid(464e28c892c17ec478bee5ec31b80c39) Importer(815301076,1909f56bfc062723c751e8b465ee728b)  -> (artifact id: 'ef14d1bd9c799053140dfce6fae31c7a') in 0.039248 seconds 
========================================================================
Received Import Request.
  Time since last request: 411.457977 seconds.
  path: Assets/Sprites/Collectible
  artifactKey: Guid(61db77ba20994cb4e96e13abbe0185d5) Importer(815301076,1909f56bfc062723c751e8b465ee728b)
Start importing Assets/Sprites/Collectible using Guid(61db77ba20994cb4e96e13abbe0185d5) Importer(815301076,1909f56bfc062723c751e8b465ee728b)  -> (artifact id: '115d8ab7a0f345bbb8d699a818ddd9aa') in 0.007748 seconds 
========================================================================
Received Import Request.
  Time since last request: 0.051994 seconds.
  path: Assets/Sprites/Collectible/dagger01.png
  artifactKey: Guid(2152f0075d2301a4fa15bdb0049f1289) Importer(815301076,1909f56bfc062723c751e8b465ee728b)
Start importing Assets/Sprites/Collectible/dagger01.png using Guid(2152f0075d2301a4fa15bdb0049f1289) Importer(815301076,1909f56bfc062723c751e8b465ee728b)  -> (artifact id: '34ef18b7fa051937427d5073a2fc2e41') in 0.097234 seconds 
========================================================================
Received Import Request.
  Time since last request: 0.000048 seconds.
  path: Assets/Sprites/Collectible/diamond_big_04.png
  artifactKey: Guid(eb4d43f587d943244b54ce4eef2b9af6) Importer(815301076,1909f56bfc062723c751e8b465ee728b)
Start importing Assets/Sprites/Collectible/diamond_big_04.png using Guid(eb4d43f587d943244b54ce4eef2b9af6) Importer(815301076,1909f56bfc062723c751e8b465ee728b)  -> (artifact id: 'ee39cde589910a339c7d23cb6987776d') in 0.017797 seconds 
========================================================================
Received Import Request.
  Time since last request: 0.000054 seconds.
  path: Assets/Sprites/Collectible/diamond_small.png
  artifactKey: Guid(515650b976a1935458e3c3995d89b2eb) Importer(815301076,1909f56bfc062723c751e8b465ee728b)
Start importing Assets/Sprites/Collectible/diamond_small.png using Guid(515650b976a1935458e3c3995d89b2eb) Importer(815301076,1909f56bfc062723c751e8b465ee728b)  -> (artifact id: 'c2737eec4533d91d1dce0b2a397589dc') in 0.017280 seconds 
========================================================================
Received Import Request.
  Time since last request: 0.000041 seconds.
  path: Assets/Sprites/Collectible/heart04.png
  artifactKey: Guid(c33a2990af2453c47b37ad853135e50a) Importer(815301076,1909f56bfc062723c751e8b465ee728b)
Start importing Assets/Sprites/Collectible/heart04.png using Guid(c33a2990af2453c47b37ad853135e50a) Importer(815301076,1909f56bfc062723c751e8b465ee728b)  -> (artifact id: 'd5b4c1bfa578ed2fa96b46a3322dd661') in 0.018987 seconds 
========================================================================
Received Import Request.
  Time since last request: 0.000029 seconds.
  path: Assets/Sprites/Collectible/diamond_small03.png
  artifactKey: Guid(e427dc69534064948aa298ed6d7a47c6) Importer(815301076,1909f56bfc062723c751e8b465ee728b)
Start importing Assets/Sprites/Collectible/diamond_small03.png using Guid(e427dc69534064948aa298ed6d7a47c6) Importer(815301076,1909f56bfc062723c751e8b465ee728b)  -> (artifact id: 'b87c06c1bc9bbf35a0a0a42c46f5c81d') in 0.016708 seconds 
========================================================================
Received Import Request.
  Time since last request: 0.000036 seconds.
  path: Assets/Sprites/Collectible/heart01.png
  artifactKey: Guid(b5274967ce5c25040bf489e807128bae) Importer(815301076,1909f56bfc062723c751e8b465ee728b)
Start importing Assets/Sprites/Collectible/heart01.png using Guid(b5274967ce5c25040bf489e807128bae) Importer(815301076,1909f56bfc062723c751e8b465ee728b)  -> (artifact id: '537f7e7eb656be90567b7f8a2759b288') in 0.016575 seconds 
========================================================================
Received Import Request.
  Time since last request: 0.000040 seconds.
  path: Assets/Sprites/Collectible/dagger06.png
  artifactKey: Guid(1201e1c5f9840704f8d7fa3120eac8b3) Importer(815301076,1909f56bfc062723c751e8b465ee728b)
Start importing Assets/Sprites/Collectible/dagger06.png using Guid(1201e1c5f9840704f8d7fa3120eac8b3) Importer(815301076,1909f56bfc062723c751e8b465ee728b)  -> (artifact id: '794b0003721467499aaf7c09028dc4ad') in 0.016626 seconds 
========================================================================
Received Import Request.
  Time since last request: 0.000044 seconds.
  path: Assets/Sprites/Collectible/diamond_big_01.png
  artifactKey: Guid(daabbee4a908c7c409f10ba09e8c2aa8) Importer(815301076,1909f56bfc062723c751e8b465ee728b)
Start importing Assets/Sprites/Collectible/diamond_big_01.png using Guid(daabbee4a908c7c409f10ba09e8c2aa8) Importer(815301076,1909f56bfc062723c751e8b465ee728b)  -> (artifact id: '0b4d111b89d778c2c4d69e3bbad6dc4e') in 0.015457 seconds 
========================================================================
Received Import Request.
  Time since last request: 0.000029 seconds.
  path: Assets/Sprites/Collectible/diamond_small04.png
  artifactKey: Guid(cc0dbc1fc722ec8438f1f18d5b5beae9) Importer(815301076,1909f56bfc062723c751e8b465ee728b)
Start importing Assets/Sprites/Collectible/diamond_small04.png using Guid(cc0dbc1fc722ec8438f1f18d5b5beae9) Importer(815301076,1909f56bfc062723c751e8b465ee728b)  -> (artifact id: 'c9bb3826baef2a4e55c5ad6b5b7ba85a') in 0.016976 seconds 
========================================================================
Received Import Request.
  Time since last request: 0.000029 seconds.
  path: Assets/Sprites/Collectible/diamond_small01.png
  artifactKey: Guid(62473175e8774e34c91a3323807de8d8) Importer(815301076,1909f56bfc062723c751e8b465ee728b)
Start importing Assets/Sprites/Collectible/diamond_small01.png using Guid(62473175e8774e34c91a3323807de8d8) Importer(815301076,1909f56bfc062723c751e8b465ee728b)  -> (artifact id: 'd692a73d3f3161d99e2afd7fd39df1c2') in 0.016038 seconds 
========================================================================
Received Import Request.
  Time since last request: 0.000028 seconds.
  path: Assets/Sprites/Collectible/diamond_big_06.png
  artifactKey: Guid(329c00dc17a83db41bc95887a5925213) Importer(815301076,1909f56bfc062723c751e8b465ee728b)
Start importing Assets/Sprites/Collectible/diamond_big_06.png using Guid(329c00dc17a83db41bc95887a5925213) Importer(815301076,1909f56bfc062723c751e8b465ee728b)  -> (artifact id: '57c3b98bdd4fcec2bb6ab1323c29cbe6') in 0.017456 seconds 
========================================================================
Received Import Request.
  Time since last request: 0.000025 seconds.
  path: Assets/Sprites/Collectible/diamond_small05.png
  artifactKey: Guid(7bc4bcaa0fbcaad4d92665489af6eb55) Importer(815301076,1909f56bfc062723c751e8b465ee728b)
Start importing Assets/Sprites/Collectible/diamond_small05.png using Guid(7bc4bcaa0fbcaad4d92665489af6eb55) Importer(815301076,1909f56bfc062723c751e8b465ee728b)  -> (artifact id: '11eb9f5393948924ef41108918046801') in 0.016374 seconds 
========================================================================
Received Import Request.
  Time since last request: 745.036974 seconds.
  path: Assets/Sprites/Sprites/Gino Character/PNG/Attacks
  artifactKey: Guid(bf59e8275920095438dfcb6e4e835dfe) Importer(815301076,1909f56bfc062723c751e8b465ee728b)
Start importing Assets/Sprites/Sprites/Gino Character/PNG/Attacks using Guid(bf59e8275920095438dfcb6e4e835dfe) Importer(815301076,1909f56bfc062723c751e8b465ee728b)  -> (artifact id: '476e482786517cb6a386613992eebd39') in 0.007396 seconds 
========================================================================
Received Import Request.
  Time since last request: 0.058058 seconds.
  path: Assets/Sprites/Sprites/Gino Character/PNG/Attacks/AttackA01.png
  artifactKey: Guid(38d1f2521797d0b4482d6d2cedc80b8c) Importer(815301076,1909f56bfc062723c751e8b465ee728b)
Start importing Assets/Sprites/Sprites/Gino Character/PNG/Attacks/AttackA01.png using Guid(38d1f2521797d0b4482d6d2cedc80b8c) Importer(815301076,1909f56bfc062723c751e8b465ee728b)  -> (artifact id: 'ca89ab9e669d136800566304db363da7') in 0.023490 seconds 
========================================================================
Received Import Request.
  Time since last request: 0.000030 seconds.
  path: Assets/Sprites/Sprites/Gino Character/PNG/Attacks/AttackC02.png
  artifactKey: Guid(f32bed640c2f0ed498e07603f37161c3) Importer(815301076,1909f56bfc062723c751e8b465ee728b)
Start importing Assets/Sprites/Sprites/Gino Character/PNG/Attacks/AttackC02.png using Guid(f32bed640c2f0ed498e07603f37161c3) Importer(815301076,1909f56bfc062723c751e8b465ee728b)  -> (artifact id: '9b89ae7a374e6e7146c2db71091b6607') in 0.016957 seconds 
========================================================================
Received Import Request.
  Time since last request: 0.000023 seconds.
  path: Assets/Sprites/Sprites/Gino Character/PNG/Attacks/AttackC03.png
  artifactKey: Guid(7abb852ff28898749a0736ec7c2c0444) Importer(815301076,1909f56bfc062723c751e8b465ee728b)
Start importing Assets/Sprites/Sprites/Gino Character/PNG/Attacks/AttackC03.png using Guid(7abb852ff28898749a0736ec7c2c0444) Importer(815301076,1909f56bfc062723c751e8b465ee728b)  -> (artifact id: 'a4c8ff23375c30431cacd24dd3e5578f') in 0.018986 seconds 
========================================================================
Received Import Request.
  Time since last request: 0.000031 seconds.
  path: Assets/Sprites/Sprites/Gino Character/PNG/Attacks/AttackD04.png
  artifactKey: Guid(3cd963c7cd0c80a4f80c74ec71dd9746) Importer(815301076,1909f56bfc062723c751e8b465ee728b)
Start importing Assets/Sprites/Sprites/Gino Character/PNG/Attacks/AttackD04.png using Guid(3cd963c7cd0c80a4f80c74ec71dd9746) Importer(815301076,1909f56bfc062723c751e8b465ee728b)  -> (artifact id: '01a6664c97a012e903458ef1a1f151e2') in 0.016233 seconds 
========================================================================
Received Import Request.
  Time since last request: 0.000047 seconds.
  path: Assets/Sprites/Sprites/Gino Character/PNG/Attacks/AttackD05.png
  artifactKey: Guid(6d81d1b84bbd6074299683380efcbc8f) Importer(815301076,1909f56bfc062723c751e8b465ee728b)
Start importing Assets/Sprites/Sprites/Gino Character/PNG/Attacks/AttackD05.png using Guid(6d81d1b84bbd6074299683380efcbc8f) Importer(815301076,1909f56bfc062723c751e8b465ee728b)  -> (artifact id: 'dfdd093e38115b3b15585392e0fee867') in 0.015715 seconds 
========================================================================
Received Import Request.
  Time since last request: 0.000032 seconds.
  path: Assets/Sprites/Sprites/Gino Character/PNG/Attacks/AttackB02.png
  artifactKey: Guid(2807243e853f03740aec2ffc7f3eb571) Importer(815301076,1909f56bfc062723c751e8b465ee728b)
Start importing Assets/Sprites/Sprites/Gino Character/PNG/Attacks/AttackB02.png using Guid(2807243e853f03740aec2ffc7f3eb571) Importer(815301076,1909f56bfc062723c751e8b465ee728b)  -> (artifact id: 'e2bb8ac78f3059914240a075c5171415') in 0.016788 seconds 
========================================================================
Received Import Request.
  Time since last request: 0.000028 seconds.
  path: Assets/Sprites/Sprites/Gino Character/PNG/Attacks/AttackA06.png
  artifactKey: Guid(8778149a136034e419d064f515e9fe36) Importer(815301076,1909f56bfc062723c751e8b465ee728b)
Start importing Assets/Sprites/Sprites/Gino Character/PNG/Attacks/AttackA06.png using Guid(8778149a136034e419d064f515e9fe36) Importer(815301076,1909f56bfc062723c751e8b465ee728b)  -> (artifact id: 'b0e437efb0f3be1dd15ffd09eaafd29e') in 0.017923 seconds 
========================================================================
Received Import Request.
  Time since last request: 0.000032 seconds.
  path: Assets/Sprites/Sprites/Gino Character/PNG/Attacks/AttackC04.png
  artifactKey: Guid(8fce6573e00dd3e48a2ba0a3cd864889) Importer(815301076,1909f56bfc062723c751e8b465ee728b)
Start importing Assets/Sprites/Sprites/Gino Character/PNG/Attacks/AttackC04.png using Guid(8fce6573e00dd3e48a2ba0a3cd864889) Importer(815301076,1909f56bfc062723c751e8b465ee728b)  -> (artifact id: 'b382cbe27c5c6ee9d4c7a1726f50a7c5') in 0.017378 seconds 
========================================================================
Received Import Request.
  Time since last request: 0.000023 seconds.
  path: Assets/Sprites/Sprites/Gino Character/PNG/Attacks/AttackC01.png
  artifactKey: Guid(cb38e5c629aa7ab4eb111f5ac080ee90) Importer(815301076,1909f56bfc062723c751e8b465ee728b)
Start importing Assets/Sprites/Sprites/Gino Character/PNG/Attacks/AttackC01.png using Guid(cb38e5c629aa7ab4eb111f5ac080ee90) Importer(815301076,1909f56bfc062723c751e8b465ee728b)  -> (artifact id: '5439e204ad073559637e5c3a667c8650') in 0.019815 seconds 
========================================================================
Received Import Request.
  Time since last request: 0.000027 seconds.
  path: Assets/Sprites/Sprites/Gino Character/PNG/Attacks/AttackD01.png
  artifactKey: Guid(e0cd2400b4dc3aa43a3644608e8762a9) Importer(815301076,1909f56bfc062723c751e8b465ee728b)
Start importing Assets/Sprites/Sprites/Gino Character/PNG/Attacks/AttackD01.png using Guid(e0cd2400b4dc3aa43a3644608e8762a9) Importer(815301076,1909f56bfc062723c751e8b465ee728b)  -> (artifact id: '75b137d255c5dc75f8e48b030128c774') in 0.015795 seconds 
========================================================================
Received Import Request.
  Time since last request: 0.000027 seconds.
  path: Assets/Sprites/Sprites/Gino Character/PNG/Attacks/AttackA04.png
  artifactKey: Guid(c00e1f12381f93245bce2d25f46b772d) Importer(815301076,1909f56bfc062723c751e8b465ee728b)
Start importing Assets/Sprites/Sprites/Gino Character/PNG/Attacks/AttackA04.png using Guid(c00e1f12381f93245bce2d25f46b772d) Importer(815301076,1909f56bfc062723c751e8b465ee728b)  -> (artifact id: 'fde15fa4c0666d5600909176c398d94e') in 0.018382 seconds 
========================================================================
Received Import Request.
  Time since last request: 0.000029 seconds.
  path: Assets/Sprites/Sprites/Gino Character/PNG/Attacks/AttackB01.png
  artifactKey: Guid(33dc6e721b3339b4c9fa0b60b7f32408) Importer(815301076,1909f56bfc062723c751e8b465ee728b)
Start importing Assets/Sprites/Sprites/Gino Character/PNG/Attacks/AttackB01.png using Guid(33dc6e721b3339b4c9fa0b60b7f32408) Importer(815301076,1909f56bfc062723c751e8b465ee728b)  -> (artifact id: 'ac87e55b78f53191983f2a5df8df951d') in 0.017343 seconds 
========================================================================
Received Import Request.
  Time since last request: 0.000028 seconds.
  path: Assets/Sprites/Sprites/Gino Character/PNG/Attacks/AttackA07.png
  artifactKey: Guid(2f7f0c35cb4aab64380b8c87f1c02761) Importer(815301076,1909f56bfc062723c751e8b465ee728b)
Start importing Assets/Sprites/Sprites/Gino Character/PNG/Attacks/AttackA07.png using Guid(2f7f0c35cb4aab64380b8c87f1c02761) Importer(815301076,1909f56bfc062723c751e8b465ee728b)  -> (artifact id: '0b2e71da1cbe44becbc7d8a3636dfa60') in 0.015906 seconds 
========================================================================
Received Import Request.
  Time since last request: 0.000025 seconds.
  path: Assets/Sprites/Sprites/Gino Character/PNG/Attacks/AttackD03.png
  artifactKey: Guid(4860d44f8a723c8468a3c7cdf0e6b8de) Importer(815301076,1909f56bfc062723c751e8b465ee728b)
Start importing Assets/Sprites/Sprites/Gino Character/PNG/Attacks/AttackD03.png using Guid(4860d44f8a723c8468a3c7cdf0e6b8de) Importer(815301076,1909f56bfc062723c751e8b465ee728b)  -> (artifact id: 'adb40f1753c8f75b31464b203e62efb5') in 0.018960 seconds 
========================================================================
Received Import Request.
  Time since last request: 0.000038 seconds.
  path: Assets/Sprites/Sprites/Gino Character/PNG/Attacks/AttackA05.png
  artifactKey: Guid(aa7e767d01c543f46b7009eb2463e158) Importer(815301076,1909f56bfc062723c751e8b465ee728b)
Start importing Assets/Sprites/Sprites/Gino Character/PNG/Attacks/AttackA05.png using Guid(aa7e767d01c543f46b7009eb2463e158) Importer(815301076,1909f56bfc062723c751e8b465ee728b)  -> (artifact id: '49dfd73d2256870e652faa65fdb27655') in 0.020572 seconds 
========================================================================
Received Import Request.
  Time since last request: 26.797301 seconds.
  path: Assets/Sprites/Sprites/Gino Character/PNG/Hit, death/death01.png
  artifactKey: Guid(2f12dc21fa306db45a0dbe4fff565ad6) Importer(815301076,1909f56bfc062723c751e8b465ee728b)
Start importing Assets/Sprites/Sprites/Gino Character/PNG/Hit, death/death01.png using Guid(2f12dc21fa306db45a0dbe4fff565ad6) Importer(815301076,1909f56bfc062723c751e8b465ee728b)  -> (artifact id: '137937944f70ffe50207e15a188c35e3') in 0.016738 seconds 
========================================================================
Received Import Request.
  Time since last request: 0.000045 seconds.
  path: Assets/Sprites/Sprites/Gino Character/PNG/Hit, death/death04.png
  artifactKey: Guid(8f3983766968acf48a299719c2cb20c2) Importer(815301076,1909f56bfc062723c751e8b465ee728b)
Start importing Assets/Sprites/Sprites/Gino Character/PNG/Hit, death/death04.png using Guid(8f3983766968acf48a299719c2cb20c2) Importer(815301076,1909f56bfc062723c751e8b465ee728b)  -> (artifact id: '6f2898033260861325c7bfac2012bfa0') in 0.017779 seconds 
Editor requested this worker to shutdown with reason: Scaling down because of idle timeout
AssetImportWorker is now disconnected from the server
Process exiting
Exiting without the bug reporter. Application will terminate with return code 0