Using pre-set license
Built from '2021.3/staging' branch; Version is '2021.3.0f1 (6eacc8284459) revision 7253192'; Using compiler version '192829333'; Build Type 'Release'
OS: 'Windows 10  (10.0.19042) 64bit Enterprise' Language: 'ru' Physical Memory: 32675 MB
BatchMode: 1, IsHumanControllingUs: 0, StartBugReporterOnCrash: 0, Is64bit: 1, IsPro: 1

COMMAND LINE ARGUMENTS:
C:\Program Files\Unity\Hub\Editor\2021.3.0f1\Editor\Unity.exe
-adb2
-batchMode
-noUpm
-name
AssetImportWorker3
-projectPath
D:/GitHub/Unity/Tasks16-19Platformer
-logFile
Logs/AssetImportWorker3.log
-srvPort
63604
Successfully changed project path to: D:/GitHub/Unity/Tasks16-19Platformer
D:/GitHub/Unity/Tasks16-19Platformer
[UnityMemory] Configuration Parameters - Can be set up in boot.config
    "memorysetup-bucket-allocator-granularity=16"
    "memorysetup-bucket-allocator-bucket-count=8"
    "memorysetup-bucket-allocator-block-size=33554432"
    "memorysetup-bucket-allocator-block-count=8"
    "memorysetup-main-allocator-block-size=16777216"
    "memorysetup-thread-allocator-block-size=16777216"
    "memorysetup-gfx-main-allocator-block-size=16777216"
    "memorysetup-gfx-thread-allocator-block-size=16777216"
    "memorysetup-cache-allocator-block-size=4194304"
    "memorysetup-typetree-allocator-block-size=2097152"
    "memorysetup-profiler-bucket-allocator-granularity=16"
    "memorysetup-profiler-bucket-allocator-bucket-count=8"
    "memorysetup-profiler-bucket-allocator-block-size=33554432"
    "memorysetup-profiler-bucket-allocator-block-count=8"
    "memorysetup-profiler-allocator-block-size=16777216"
    "memorysetup-profiler-editor-allocator-block-size=1048576"
    "memorysetup-temp-allocator-size-main=16777216"
    "memorysetup-job-temp-allocator-block-size=2097152"
    "memorysetup-job-temp-allocator-block-size-background=1048576"
    "memorysetup-job-temp-allocator-reduction-small-platforms=262144"
    "memorysetup-temp-allocator-size-background-worker=32768"
    "memorysetup-temp-allocator-size-job-worker=262144"
    "memorysetup-temp-allocator-size-preload-manager=33554432"
    "memorysetup-temp-allocator-size-nav-mesh-worker=65536"
    "memorysetup-temp-allocator-size-audio-worker=65536"
    "memorysetup-temp-allocator-size-cloud-worker=32768"
    "memorysetup-temp-allocator-size-gi-baking-worker=262144"
    "memorysetup-temp-allocator-size-gfx=262144"
Refreshing native plugins compatible for Editor in 92.18 ms, found 4 plugins.
Preloading 0 native plugins for Editor in 0.00 ms.
Initialize engine version: 2021.3.0f1 (6eacc8284459)
[Subsystems] Discovering subsystems at path C:/Program Files/Unity/Hub/Editor/2021.3.0f1/Editor/Data/Resources/UnitySubsystems
[Subsystems] Discovering subsystems at path D:/GitHub/Unity/Tasks16-19Platformer/Assets
GfxDevice: creating device client; threaded=0; jobified=0
Direct3D:
    Version:  Direct3D 11.0 [level 11.1]
    Renderer: NVIDIA GeForce RTX 3060 (ID=0x2487)
    Vendor:   NVIDIA
    VRAM:     12137 MB
    Driver:   30.0.15.1277
Initialize mono
Mono path[0] = 'C:/Program Files/Unity/Hub/Editor/2021.3.0f1/Editor/Data/Managed'
Mono path[1] = 'C:/Program Files/Unity/Hub/Editor/2021.3.0f1/Editor/Data/MonoBleedingEdge/lib/mono/unityjit-win32'
Mono config path = 'C:/Program Files/Unity/Hub/Editor/2021.3.0f1/Editor/Data/MonoBleedingEdge/etc'
Using monoOptions --debugger-agent=transport=dt_socket,embedding=1,server=y,suspend=n,address=127.0.0.1:56764
Begin MonoManager ReloadAssembly
Registering precompiled unity dll's ...
Register platform support module: C:/Program Files/Unity/Hub/Editor/2021.3.0f1/Editor/Data/PlaybackEngines/WebGLSupport/UnityEditor.WebGL.Extensions.dll
Register platform support module: C:/Program Files/Unity/Hub/Editor/2021.3.0f1/Editor/Data/PlaybackEngines/WindowsStandaloneSupport/UnityEditor.WindowsStandalone.Extensions.dll
Registered in 0.004451 seconds.
Native extension for WindowsStandalone target not found
Native extension for WebGL target not found
Refreshing native plugins compatible for Editor in 91.64 ms, found 4 plugins.
Preloading 0 native plugins for Editor in 0.00 ms.
Mono: successfully reloaded assembly
- Completed reload, in  0.579 seconds
Domain Reload Profiling:
	ReloadAssembly (579ms)
		BeginReloadAssembly (61ms)
			ExecutionOrderSort (0ms)
			DisableScriptedObjects (0ms)
			BackupInstance (0ms)
			ReleaseScriptingObjects (0ms)
			CreateAndSetChildDomain (1ms)
		EndReloadAssembly (423ms)
			LoadAssemblies (59ms)
			RebuildTransferFunctionScriptingTraits (0ms)
			SetupTypeCache (102ms)
			ReleaseScriptCaches (0ms)
			RebuildScriptCaches (27ms)
			SetupLoadedEditorAssemblies (251ms)
				LogAssemblyErrors (0ms)
				InitializePlatformSupportModulesInManaged (8ms)
				SetLoadedEditorAssemblies (0ms)
				RefreshPlugins (92ms)
				BeforeProcessingInitializeOnLoad (1ms)
				ProcessInitializeOnLoadAttributes (109ms)
				ProcessInitializeOnLoadMethodAttributes (40ms)
				AfterProcessingInitializeOnLoad (0ms)
				EditorAssembliesLoaded (0ms)
			ExecutionOrderSort2 (0ms)
			AwakeInstancesAfterBackupRestoration (0ms)
Platform modules already initialized, skipping
Registering precompiled user dll's ...
Registered in 0.003330 seconds.
Begin MonoManager ReloadAssembly
Symbol file LoadedFromMemory doesn't match image D:\GitHub\Unity\Tasks16-19Platformer\Library\PackageCache\com.unity.visualscripting@1.7.6\Editor\VisualScripting.Core\Dependencies\YamlDotNet\Unity.VisualScripting.YamlDotNet.dll
Symbol file LoadedFromMemory is not a mono symbol file
Symbol file LoadedFromMemory doesn't match image D:\GitHub\Unity\Tasks16-19Platformer\Library\PackageCache\com.unity.visualscripting@1.7.6\Editor\VisualScripting.Core\Dependencies\DotNetZip\Unity.VisualScripting.IonicZip.dll
Native extension for WindowsStandalone target not found
Native extension for WebGL target not found
Refreshing native plugins compatible for Editor in 90.53 ms, found 4 plugins.
Preloading 0 native plugins for Editor in 0.00 ms.
Mono: successfully reloaded assembly
- Completed reload, in  1.061 seconds
Domain Reload Profiling:
	ReloadAssembly (1061ms)
		BeginReloadAssembly (97ms)
			ExecutionOrderSort (0ms)
			DisableScriptedObjects (5ms)
			BackupInstance (0ms)
			ReleaseScriptingObjects (0ms)
			CreateAndSetChildDomain (21ms)
		EndReloadAssembly (864ms)
			LoadAssemblies (73ms)
			RebuildTransferFunctionScriptingTraits (0ms)
			SetupTypeCache (221ms)
			ReleaseScriptCaches (1ms)
			RebuildScriptCaches (80ms)
			SetupLoadedEditorAssemblies (421ms)
				LogAssemblyErrors (0ms)
				InitializePlatformSupportModulesInManaged (5ms)
				SetLoadedEditorAssemblies (0ms)
				RefreshPlugins (91ms)
				BeforeProcessingInitializeOnLoad (86ms)
				ProcessInitializeOnLoadAttributes (193ms)
				ProcessInitializeOnLoadMethodAttributes (41ms)
				AfterProcessingInitializeOnLoad (5ms)
				EditorAssembliesLoaded (0ms)
			ExecutionOrderSort2 (0ms)
			AwakeInstancesAfterBackupRestoration (5ms)
Platform modules already initialized, skipping
========================================================================
Worker process is ready to serve import requests
Launched and connected shader compiler UnityShaderCompiler.exe after 0.08 seconds
Refreshing native plugins compatible for Editor in 0.91 ms, found 4 plugins.
Preloading 0 native plugins for Editor in 0.00 ms.
Unloading 3913 Unused Serialized files (Serialized files now loaded: 0)
Unloading 40 unused Assets / (225.3 KB). Loaded Objects now: 4366.
Memory consumption went from 146.9 MB to 146.7 MB.
Total: 3.644700 ms (FindLiveObjects: 0.437600 ms CreateObjectMapping: 0.137900 ms MarkObjects: 2.890300 ms  DeleteObjects: 0.176800 ms)

AssetImportParameters requested are different than current active one (requested -> active):
  custom:video-decoder-ogg-theora: a1e56fd34408186e4bbccfd4996cb3dc -> 
  custom:container-muxer-webm: aa71ff27fc2769a1b78a27578f13a17b -> 
  custom:container-demuxer-webm: 4f35f7cbe854078d1ac9338744f61a02 -> 
  custom:video-encoder-webm-vp8: eb34c28f22e8b96e1ab97ce403110664 -> 
  custom:audio-encoder-webm-vorbis: bf7c407c2cedff20999df2af8eb42d56 -> 
  custom:framework-win-MediaFoundation: 216162199b28c13a410421893ffa2e32 -> 
  custom:container-demuxer-ogg: 62fdf1f143b41e24485cea50d1cbac27 -> 
  custom:video-decoder-webm-vp8: 9c59270c3fd7afecdb556c50c9e8de78 -> 
  custom:audio-decoder-ogg-vorbis: bf7c407c2cedff20999df2af8eb42d56 -> 
========================================================================
Received Import Request.
  Time since last request: 3731.772602 seconds.
  path: Assets/Sprites/Sprites/Gino Character/PNG/Attack in jump/attack_in_jump03.png
  artifactKey: Guid(1adaf2157e082a54ab49f9752b5b85fd) Importer(815301076,1909f56bfc062723c751e8b465ee728b)
Start importing Assets/Sprites/Sprites/Gino Character/PNG/Attack in jump/attack_in_jump03.png using Guid(1adaf2157e082a54ab49f9752b5b85fd) Importer(815301076,1909f56bfc062723c751e8b465ee728b)  -> (artifact id: '2e362190ba710d84c0ce76a65c7ba02f') in 0.112172 seconds 
========================================================================
Received Import Request.
  Time since last request: 24552.971222 seconds.
  path: Assets/Sprites/01. Rocky Level/PSD/main_lev_build.psd
  artifactKey: Guid(853161b35e85ff94e8cfe655b0505da6) Importer(815301076,1909f56bfc062723c751e8b465ee728b)
Start importing Assets/Sprites/01. Rocky Level/PSD/main_lev_build.psd using Guid(853161b35e85ff94e8cfe655b0505da6) Importer(815301076,1909f56bfc062723c751e8b465ee728b)  -> (artifact id: 'd10cb1b9a89cbdb28f1d3af9497c6c3d') in 0.106414 seconds 
========================================================================
Received Import Request.
  Time since last request: 1166.407110 seconds.
  path: Assets/Sprites/Sprites/Gino Character/PNG/Idle, run, jump/idle03.png
  artifactKey: Guid(0d2b7f611c8452c45b67bfae25444ea4) Importer(815301076,1909f56bfc062723c751e8b465ee728b)
Start importing Assets/Sprites/Sprites/Gino Character/PNG/Idle, run, jump/idle03.png using Guid(0d2b7f611c8452c45b67bfae25444ea4) Importer(815301076,1909f56bfc062723c751e8b465ee728b)  -> (artifact id: '1f0281d2fd600ba907f0111ca269a7f8') in 0.025010 seconds 
========================================================================
Received Import Request.
  Time since last request: 0.084997 seconds.
  path: Assets/Sprites/Sprites/Gino Character/PNG/Idle, run, jump/idle06.png
  artifactKey: Guid(a9a8850a335f60f47904a80fafbaf9e6) Importer(815301076,1909f56bfc062723c751e8b465ee728b)
Start importing Assets/Sprites/Sprites/Gino Character/PNG/Idle, run, jump/idle06.png using Guid(a9a8850a335f60f47904a80fafbaf9e6) Importer(815301076,1909f56bfc062723c751e8b465ee728b)  -> (artifact id: '9a579eaefa9f62d356dd948cc0ac1b3b') in 0.012496 seconds 
========================================================================
Received Import Request.
  Time since last request: 0.000045 seconds.
  path: Assets/Sprites/Sprites/Gino Character/PNG/Idle, run, jump/idle07.png
  artifactKey: Guid(33a659cce4b24e144945be9df5242c2e) Importer(815301076,1909f56bfc062723c751e8b465ee728b)
Start importing Assets/Sprites/Sprites/Gino Character/PNG/Idle, run, jump/idle07.png using Guid(33a659cce4b24e144945be9df5242c2e) Importer(815301076,1909f56bfc062723c751e8b465ee728b)  -> (artifact id: '9cc496f4005729b797e1098f6df30524') in 0.018120 seconds 
========================================================================
Received Import Request.
  Time since last request: 0.000035 seconds.
  path: Assets/Sprites/Sprites/Gino Character/PNG/Idle, run, jump/idle09.png
  artifactKey: Guid(f45b3822421c84749a0ddf9a59feb669) Importer(815301076,1909f56bfc062723c751e8b465ee728b)
Start importing Assets/Sprites/Sprites/Gino Character/PNG/Idle, run, jump/idle09.png using Guid(f45b3822421c84749a0ddf9a59feb669) Importer(815301076,1909f56bfc062723c751e8b465ee728b)  -> (artifact id: 'd611ddfc8cf0c79f1cffb1e69a0f3a07') in 0.016256 seconds 
========================================================================
Received Import Request.
  Time since last request: 37.250551 seconds.
  path: Assets/Sprites/Sprites/Gino Character/PNG/Idle, run, jump/idle02.png
  artifactKey: Guid(800cc607b40b2434a92e556e1e0a6fd2) Importer(815301076,1909f56bfc062723c751e8b465ee728b)
Start importing Assets/Sprites/Sprites/Gino Character/PNG/Idle, run, jump/idle02.png using Guid(800cc607b40b2434a92e556e1e0a6fd2) Importer(815301076,1909f56bfc062723c751e8b465ee728b)  -> (artifact id: '9c67ec9e030e8b3ddbd4a2bd8f072fff') in 0.016231 seconds 
========================================================================
Received Import Request.
  Time since last request: 0.000036 seconds.
  path: Assets/Sprites/Sprites/Gino Character/PNG/Idle, run, jump/idle04.png
  artifactKey: Guid(52f5e6ba6c74bd642a3d61a093f0d21c) Importer(815301076,1909f56bfc062723c751e8b465ee728b)
Start importing Assets/Sprites/Sprites/Gino Character/PNG/Idle, run, jump/idle04.png using Guid(52f5e6ba6c74bd642a3d61a093f0d21c) Importer(815301076,1909f56bfc062723c751e8b465ee728b)  -> (artifact id: '52c88c89bdb41eafade1ac3c686e17a1') in 0.016266 seconds 
========================================================================
Received Import Request.
  Time since last request: 0.000095 seconds.
  path: Assets/Sprites/Sprites/Gino Character/PNG/Idle, run, jump/idle06.png
  artifactKey: Guid(a9a8850a335f60f47904a80fafbaf9e6) Importer(815301076,1909f56bfc062723c751e8b465ee728b)
Start importing Assets/Sprites/Sprites/Gino Character/PNG/Idle, run, jump/idle06.png using Guid(a9a8850a335f60f47904a80fafbaf9e6) Importer(815301076,1909f56bfc062723c751e8b465ee728b)  -> (artifact id: '531a53a1c0f85cb13d88ea46ede45496') in 0.017364 seconds 
========================================================================
Received Import Request.
  Time since last request: 0.000036 seconds.
  path: Assets/Sprites/Sprites/Gino Character/PNG/Idle, run, jump/idle09.png
  artifactKey: Guid(f45b3822421c84749a0ddf9a59feb669) Importer(815301076,1909f56bfc062723c751e8b465ee728b)
Start importing Assets/Sprites/Sprites/Gino Character/PNG/Idle, run, jump/idle09.png using Guid(f45b3822421c84749a0ddf9a59feb669) Importer(815301076,1909f56bfc062723c751e8b465ee728b)  -> (artifact id: 'b0c92eb997f2bb0e5088366091ab9ac9') in 0.016920 seconds 
========================================================================
Received Import Request.
  Time since last request: 538.003679 seconds.
  path: Assets/Sprites/Sprites/Gino Character/PNG/Idle, run, jump/run03.png
  artifactKey: Guid(3b7e13342daa711478d783e0afff53f6) Importer(815301076,1909f56bfc062723c751e8b465ee728b)
Start importing Assets/Sprites/Sprites/Gino Character/PNG/Idle, run, jump/run03.png using Guid(3b7e13342daa711478d783e0afff53f6) Importer(815301076,1909f56bfc062723c751e8b465ee728b)  -> (artifact id: 'b44ca9ac7a677d5dcd3838b3b1d56e9e') in 0.022298 seconds 
========================================================================
Received Import Request.
  Time since last request: 0.000036 seconds.
  path: Assets/Sprites/Sprites/Gino Character/PNG/Idle, run, jump/run05.png
  artifactKey: Guid(fdc1698a22c84494d8da1d465324d1a1) Importer(815301076,1909f56bfc062723c751e8b465ee728b)
Start importing Assets/Sprites/Sprites/Gino Character/PNG/Idle, run, jump/run05.png using Guid(fdc1698a22c84494d8da1d465324d1a1) Importer(815301076,1909f56bfc062723c751e8b465ee728b)  -> (artifact id: 'f4f7e518f497ed97fa181d1f11a437fd') in 0.018330 seconds 
========================================================================
Received Import Request.
  Time since last request: 0.000038 seconds.
  path: Assets/Sprites/Sprites/Gino Character/PNG/Idle, run, jump/run07.png
  artifactKey: Guid(c2e07addc03ac5e428cec71593336c0a) Importer(815301076,1909f56bfc062723c751e8b465ee728b)
Start importing Assets/Sprites/Sprites/Gino Character/PNG/Idle, run, jump/run07.png using Guid(c2e07addc03ac5e428cec71593336c0a) Importer(815301076,1909f56bfc062723c751e8b465ee728b)  -> (artifact id: '89b15204e3fc7be2d104f372c624b87b') in 0.015856 seconds 
========================================================================
Received Import Request.
  Time since last request: 0.000039 seconds.
  path: Assets/Sprites/Sprites/Gino Character/PNG/Idle, run, jump/run04.png
  artifactKey: Guid(6c04c8e8a145f0344b94acbaf64e5a52) Importer(815301076,1909f56bfc062723c751e8b465ee728b)
Start importing Assets/Sprites/Sprites/Gino Character/PNG/Idle, run, jump/run04.png using Guid(6c04c8e8a145f0344b94acbaf64e5a52) Importer(815301076,1909f56bfc062723c751e8b465ee728b)  -> (artifact id: 'd1a679b18bc012486ea99feafdcc3944') in 0.016062 seconds 
========================================================================
Received Import Request.
  Time since last request: 326.521540 seconds.
  path: Assets/Animations/IdolAnimation.anim
  artifactKey: Guid(7557f905cdc69174ea4fa1900594a21d) Importer(815301076,1909f56bfc062723c751e8b465ee728b)
Start importing Assets/Animations/IdolAnimation.anim using Guid(7557f905cdc69174ea4fa1900594a21d) Importer(815301076,1909f56bfc062723c751e8b465ee728b)  -> (artifact id: 'b8b5cfb8775bad80f90b55312a1f6289') in 0.005202 seconds 
========================================================================
Received Import Request.
  Time since last request: 6.004776 seconds.
  path: Assets/Animations/RunAnimation.anim
  artifactKey: Guid(d25c1c1fc700fe947837a00e16ac2202) Importer(815301076,1909f56bfc062723c751e8b465ee728b)
Start importing Assets/Animations/RunAnimation.anim using Guid(d25c1c1fc700fe947837a00e16ac2202) Importer(815301076,1909f56bfc062723c751e8b465ee728b)  -> (artifact id: '9b1e4fc568e2d3bfb6bea1942ac4cf39') in 0.006686 seconds 
========================================================================
Received Import Request.
  Time since last request: 10.707631 seconds.
  path: Assets/Animations/idle01.controller
  artifactKey: Guid(464e28c892c17ec478bee5ec31b80c39) Importer(815301076,1909f56bfc062723c751e8b465ee728b)
Start importing Assets/Animations/idle01.controller using Guid(464e28c892c17ec478bee5ec31b80c39) Importer(815301076,1909f56bfc062723c751e8b465ee728b)  -> (artifact id: '3d42ae03c991c2e076abc70339a9c2fc') in 0.005606 seconds 
========================================================================
Received Import Request.
  Time since last request: 29.518152 seconds.
  path: Assets/Animations/run01.controller
  artifactKey: Guid(5a2415d70e064e74c8d5acdfc40356e1) Importer(815301076,1909f56bfc062723c751e8b465ee728b)
Start importing Assets/Animations/run01.controller using Guid(5a2415d70e064e74c8d5acdfc40356e1) Importer(815301076,1909f56bfc062723c751e8b465ee728b)  -> (artifact id: '6236721642da9ad819cb83c5e69b2f81') in 0.006662 seconds 
========================================================================
Received Prepare
Registering precompiled user dll's ...
Registered in 0.003360 seconds.
Begin MonoManager ReloadAssembly
Symbol file LoadedFromMemory doesn't match image D:\GitHub\Unity\Tasks16-19Platformer\Library\PackageCache\com.unity.visualscripting@1.7.6\Editor\VisualScripting.Core\Dependencies\YamlDotNet\Unity.VisualScripting.YamlDotNet.dll
Symbol file LoadedFromMemory is not a mono symbol file
Symbol file LoadedFromMemory doesn't match image D:\GitHub\Unity\Tasks16-19Platformer\Library\PackageCache\com.unity.visualscripting@1.7.6\Editor\VisualScripting.Core\Dependencies\DotNetZip\Unity.VisualScripting.IonicZip.dll
Native extension for WindowsStandalone target not found
Native extension for WebGL target not found
Refreshing native plugins compatible for Editor in 1.10 ms, found 4 plugins.
Preloading 0 native plugins for Editor in 0.00 ms.
Mono: successfully reloaded assembly
- Completed reload, in  0.962 seconds
Domain Reload Profiling:
	ReloadAssembly (962ms)
		BeginReloadAssembly (118ms)
			ExecutionOrderSort (0ms)
			DisableScriptedObjects (6ms)
			BackupInstance (0ms)
			ReleaseScriptingObjects (0ms)
			CreateAndSetChildDomain (37ms)
		EndReloadAssembly (756ms)
			LoadAssemblies (77ms)
			RebuildTransferFunctionScriptingTraits (0ms)
			SetupTypeCache (238ms)
			ReleaseScriptCaches (2ms)
			RebuildScriptCaches (50ms)
			SetupLoadedEditorAssemblies (334ms)
				LogAssemblyErrors (0ms)
				InitializePlatformSupportModulesInManaged (18ms)
				SetLoadedEditorAssemblies (0ms)
				RefreshPlugins (1ms)
				BeforeProcessingInitializeOnLoad (74ms)
				ProcessInitializeOnLoadAttributes (196ms)
				ProcessInitializeOnLoadMethodAttributes (38ms)
				AfterProcessingInitializeOnLoad (6ms)
				EditorAssembliesLoaded (0ms)
			ExecutionOrderSort2 (0ms)
			AwakeInstancesAfterBackupRestoration (9ms)
Platform modules already initialized, skipping
Refreshing native plugins compatible for Editor in 2.43 ms, found 4 plugins.
Preloading 0 native plugins for Editor in 0.00 ms.
Unloading 3908 Unused Serialized files (Serialized files now loaded: 0)
Unloading 27 unused Assets / (192.5 KB). Loaded Objects now: 4377.
Memory consumption went from 151.7 MB to 151.5 MB.
Total: 3.346300 ms (FindLiveObjects: 0.369000 ms CreateObjectMapping: 0.091000 ms MarkObjects: 2.722300 ms  DeleteObjects: 0.162400 ms)

AssetImportParameters requested are different than current active one (requested -> active):
  custom:video-decoder-ogg-theora: a1e56fd34408186e4bbccfd4996cb3dc -> 
  custom:container-muxer-webm: aa71ff27fc2769a1b78a27578f13a17b -> 
  custom:container-demuxer-webm: 4f35f7cbe854078d1ac9338744f61a02 -> 
  custom:video-encoder-webm-vp8: eb34c28f22e8b96e1ab97ce403110664 -> 
  custom:audio-encoder-webm-vorbis: bf7c407c2cedff20999df2af8eb42d56 -> 
  custom:framework-win-MediaFoundation: 216162199b28c13a410421893ffa2e32 -> 
  custom:container-demuxer-ogg: 62fdf1f143b41e24485cea50d1cbac27 -> 
  custom:video-decoder-webm-vp8: 9c59270c3fd7afecdb556c50c9e8de78 -> 
  custom:audio-decoder-ogg-vorbis: bf7c407c2cedff20999df2af8eb42d56 -> 
========================================================================
Received Import Request.
  Time since last request: 396.796930 seconds.
  path: Assets/Sprites/Sprites/Gino Character/PNG/Idle, run, jump/jump_start01.png
  artifactKey: Guid(dbbcaeba59816d440993c2ec528b8ab8) Importer(815301076,1909f56bfc062723c751e8b465ee728b)
Start importing Assets/Sprites/Sprites/Gino Character/PNG/Idle, run, jump/jump_start01.png using Guid(dbbcaeba59816d440993c2ec528b8ab8) Importer(815301076,1909f56bfc062723c751e8b465ee728b)  -> (artifact id: '7c39fdb0d2d6cb1b4632eb2cc0cc8730') in 0.067787 seconds 
========================================================================
Received Import Request.
  Time since last request: 0.000033 seconds.
  path: Assets/Sprites/Sprites/Gino Character/PNG/Idle, run, jump/jump_mid01.png
  artifactKey: Guid(2c19b8914acf78548bc00ef9eb44f061) Importer(815301076,1909f56bfc062723c751e8b465ee728b)
Start importing Assets/Sprites/Sprites/Gino Character/PNG/Idle, run, jump/jump_mid01.png using Guid(2c19b8914acf78548bc00ef9eb44f061) Importer(815301076,1909f56bfc062723c751e8b465ee728b)  -> (artifact id: 'ea0c41739751904443bf00ba829a7e67') in 0.016394 seconds 
========================================================================
Received Import Request.
  Time since last request: 0.000048 seconds.
  path: Assets/Sprites/Sprites/Gino Character/PNG/Idle, run, jump/jump_mid04.png
  artifactKey: Guid(30fbc5a7874ebe643be8627a415f60cb) Importer(815301076,1909f56bfc062723c751e8b465ee728b)
Start importing Assets/Sprites/Sprites/Gino Character/PNG/Idle, run, jump/jump_mid04.png using Guid(30fbc5a7874ebe643be8627a415f60cb) Importer(815301076,1909f56bfc062723c751e8b465ee728b)  -> (artifact id: '77c4af7bceac290ae2a18f325aec3741') in 0.016377 seconds 
========================================================================
Received Import Request.
  Time since last request: 0.000034 seconds.
  path: Assets/Sprites/Sprites/Gino Character/PNG/Idle, run, jump/jump_start02.png
  artifactKey: Guid(b8744eea798dddd40a240e932e74f0fb) Importer(815301076,1909f56bfc062723c751e8b465ee728b)
Start importing Assets/Sprites/Sprites/Gino Character/PNG/Idle, run, jump/jump_start02.png using Guid(b8744eea798dddd40a240e932e74f0fb) Importer(815301076,1909f56bfc062723c751e8b465ee728b)  -> (artifact id: 'da17550b5a271b750f32e5ffc2f7cbc5') in 0.016335 seconds 
========================================================================
Received Import Request.
  Time since last request: 0.000035 seconds.
  path: Assets/Sprites/Sprites/Gino Character/PNG/Idle, run, jump/jump_mid03.png
  artifactKey: Guid(0df428c3937b6a549be8c5093baa1ad8) Importer(815301076,1909f56bfc062723c751e8b465ee728b)
Start importing Assets/Sprites/Sprites/Gino Character/PNG/Idle, run, jump/jump_mid03.png using Guid(0df428c3937b6a549be8c5093baa1ad8) Importer(815301076,1909f56bfc062723c751e8b465ee728b)  -> (artifact id: 'f43add1fb74333aeeb2c3401f8a5b473') in 0.017611 seconds 
Editor requested this worker to shutdown with reason: Scaling down because of idle timeout
AssetImportWorker is now disconnected from the server
Process exiting
Exiting without the bug reporter. Application will terminate with return code 0