Using pre-set license
Built from '2021.3/staging' branch; Version is '2021.3.0f1 (6eacc8284459) revision 7253192'; Using compiler version '192829333'; Build Type 'Release'
OS: 'Windows 10  (10.0.19042) 64bit Enterprise' Language: 'ru' Physical Memory: 32675 MB
BatchMode: 1, IsHumanControllingUs: 0, StartBugReporterOnCrash: 0, Is64bit: 1, IsPro: 1

COMMAND LINE ARGUMENTS:
C:\Program Files\Unity\Hub\Editor\2021.3.0f1\Editor\Unity.exe
-adb2
-batchMode
-noUpm
-name
AssetImportWorker2
-projectPath
D:/GitHub/Unity/Tasks16-19Platformer
-logFile
Logs/AssetImportWorker2.log
-srvPort
63604
Successfully changed project path to: D:/GitHub/Unity/Tasks16-19Platformer
D:/GitHub/Unity/Tasks16-19Platformer
[UnityMemory] Configuration Parameters - Can be set up in boot.config
    "memorysetup-bucket-allocator-granularity=16"
    "memorysetup-bucket-allocator-bucket-count=8"
    "memorysetup-bucket-allocator-block-size=33554432"
    "memorysetup-bucket-allocator-block-count=8"
    "memorysetup-main-allocator-block-size=16777216"
    "memorysetup-thread-allocator-block-size=16777216"
    "memorysetup-gfx-main-allocator-block-size=16777216"
    "memorysetup-gfx-thread-allocator-block-size=16777216"
    "memorysetup-cache-allocator-block-size=4194304"
    "memorysetup-typetree-allocator-block-size=2097152"
    "memorysetup-profiler-bucket-allocator-granularity=16"
    "memorysetup-profiler-bucket-allocator-bucket-count=8"
    "memorysetup-profiler-bucket-allocator-block-size=33554432"
    "memorysetup-profiler-bucket-allocator-block-count=8"
    "memorysetup-profiler-allocator-block-size=16777216"
    "memorysetup-profiler-editor-allocator-block-size=1048576"
    "memorysetup-temp-allocator-size-main=16777216"
    "memorysetup-job-temp-allocator-block-size=2097152"
    "memorysetup-job-temp-allocator-block-size-background=1048576"
    "memorysetup-job-temp-allocator-reduction-small-platforms=262144"
    "memorysetup-temp-allocator-size-background-worker=32768"
    "memorysetup-temp-allocator-size-job-worker=262144"
    "memorysetup-temp-allocator-size-preload-manager=33554432"
    "memorysetup-temp-allocator-size-nav-mesh-worker=65536"
    "memorysetup-temp-allocator-size-audio-worker=65536"
    "memorysetup-temp-allocator-size-cloud-worker=32768"
    "memorysetup-temp-allocator-size-gi-baking-worker=262144"
    "memorysetup-temp-allocator-size-gfx=262144"
Refreshing native plugins compatible for Editor in 101.44 ms, found 4 plugins.
Preloading 0 native plugins for Editor in 0.00 ms.
Initialize engine version: 2021.3.0f1 (6eacc8284459)
[Subsystems] Discovering subsystems at path C:/Program Files/Unity/Hub/Editor/2021.3.0f1/Editor/Data/Resources/UnitySubsystems
[Subsystems] Discovering subsystems at path D:/GitHub/Unity/Tasks16-19Platformer/Assets
GfxDevice: creating device client; threaded=0; jobified=0
Direct3D:
    Version:  Direct3D 11.0 [level 11.1]
    Renderer: NVIDIA GeForce RTX 3060 (ID=0x2487)
    Vendor:   NVIDIA
    VRAM:     12137 MB
    Driver:   30.0.15.1277
Initialize mono
Mono path[0] = 'C:/Program Files/Unity/Hub/Editor/2021.3.0f1/Editor/Data/Managed'
Mono path[1] = 'C:/Program Files/Unity/Hub/Editor/2021.3.0f1/Editor/Data/MonoBleedingEdge/lib/mono/unityjit-win32'
Mono config path = 'C:/Program Files/Unity/Hub/Editor/2021.3.0f1/Editor/Data/MonoBleedingEdge/etc'
Using monoOptions --debugger-agent=transport=dt_socket,embedding=1,server=y,suspend=n,address=127.0.0.1:56028
Begin MonoManager ReloadAssembly
Registering precompiled unity dll's ...
Register platform support module: C:/Program Files/Unity/Hub/Editor/2021.3.0f1/Editor/Data/PlaybackEngines/WebGLSupport/UnityEditor.WebGL.Extensions.dll
Register platform support module: C:/Program Files/Unity/Hub/Editor/2021.3.0f1/Editor/Data/PlaybackEngines/WindowsStandaloneSupport/UnityEditor.WindowsStandalone.Extensions.dll
Registered in 0.004946 seconds.
Native extension for WindowsStandalone target not found
Native extension for WebGL target not found
Refreshing native plugins compatible for Editor in 91.96 ms, found 4 plugins.
Preloading 0 native plugins for Editor in 0.00 ms.
Mono: successfully reloaded assembly
- Completed reload, in  0.581 seconds
Domain Reload Profiling:
	ReloadAssembly (582ms)
		BeginReloadAssembly (61ms)
			ExecutionOrderSort (0ms)
			DisableScriptedObjects (0ms)
			BackupInstance (0ms)
			ReleaseScriptingObjects (0ms)
			CreateAndSetChildDomain (1ms)
		EndReloadAssembly (422ms)
			LoadAssemblies (60ms)
			RebuildTransferFunctionScriptingTraits (0ms)
			SetupTypeCache (96ms)
			ReleaseScriptCaches (0ms)
			RebuildScriptCaches (27ms)
			SetupLoadedEditorAssemblies (254ms)
				LogAssemblyErrors (0ms)
				InitializePlatformSupportModulesInManaged (8ms)
				SetLoadedEditorAssemblies (0ms)
				RefreshPlugins (92ms)
				BeforeProcessingInitializeOnLoad (2ms)
				ProcessInitializeOnLoadAttributes (110ms)
				ProcessInitializeOnLoadMethodAttributes (42ms)
				AfterProcessingInitializeOnLoad (0ms)
				EditorAssembliesLoaded (0ms)
			ExecutionOrderSort2 (0ms)
			AwakeInstancesAfterBackupRestoration (0ms)
Platform modules already initialized, skipping
Registering precompiled user dll's ...
Registered in 0.003469 seconds.
Begin MonoManager ReloadAssembly
Symbol file LoadedFromMemory doesn't match image D:\GitHub\Unity\Tasks16-19Platformer\Library\PackageCache\com.unity.visualscripting@1.7.6\Editor\VisualScripting.Core\Dependencies\YamlDotNet\Unity.VisualScripting.YamlDotNet.dll
Symbol file LoadedFromMemory is not a mono symbol file
Symbol file LoadedFromMemory doesn't match image D:\GitHub\Unity\Tasks16-19Platformer\Library\PackageCache\com.unity.visualscripting@1.7.6\Editor\VisualScripting.Core\Dependencies\DotNetZip\Unity.VisualScripting.IonicZip.dll
Native extension for WindowsStandalone target not found
Native extension for WebGL target not found
Refreshing native plugins compatible for Editor in 93.04 ms, found 4 plugins.
Preloading 0 native plugins for Editor in 0.00 ms.
Mono: successfully reloaded assembly
- Completed reload, in  1.021 seconds
Domain Reload Profiling:
	ReloadAssembly (1022ms)
		BeginReloadAssembly (102ms)
			ExecutionOrderSort (0ms)
			DisableScriptedObjects (5ms)
			BackupInstance (0ms)
			ReleaseScriptingObjects (0ms)
			CreateAndSetChildDomain (25ms)
		EndReloadAssembly (813ms)
			LoadAssemblies (74ms)
			RebuildTransferFunctionScriptingTraits (0ms)
			SetupTypeCache (210ms)
			ReleaseScriptCaches (1ms)
			RebuildScriptCaches (54ms)
			SetupLoadedEditorAssemblies (429ms)
				LogAssemblyErrors (0ms)
				InitializePlatformSupportModulesInManaged (5ms)
				SetLoadedEditorAssemblies (0ms)
				RefreshPlugins (93ms)
				BeforeProcessingInitializeOnLoad (89ms)
				ProcessInitializeOnLoadAttributes (197ms)
				ProcessInitializeOnLoadMethodAttributes (38ms)
				AfterProcessingInitializeOnLoad (6ms)
				EditorAssembliesLoaded (0ms)
			ExecutionOrderSort2 (0ms)
			AwakeInstancesAfterBackupRestoration (5ms)
Platform modules already initialized, skipping
========================================================================
Worker process is ready to serve import requests
Launched and connected shader compiler UnityShaderCompiler.exe after 0.07 seconds
Refreshing native plugins compatible for Editor in 0.95 ms, found 4 plugins.
Preloading 0 native plugins for Editor in 0.00 ms.
Unloading 3913 Unused Serialized files (Serialized files now loaded: 0)
Unloading 40 unused Assets / (225.3 KB). Loaded Objects now: 4366.
Memory consumption went from 146.9 MB to 146.7 MB.
Total: 3.447400 ms (FindLiveObjects: 0.440400 ms CreateObjectMapping: 0.139700 ms MarkObjects: 2.678500 ms  DeleteObjects: 0.186900 ms)

AssetImportParameters requested are different than current active one (requested -> active):
  custom:video-decoder-ogg-theora: a1e56fd34408186e4bbccfd4996cb3dc -> 
  custom:container-muxer-webm: aa71ff27fc2769a1b78a27578f13a17b -> 
  custom:container-demuxer-webm: 4f35f7cbe854078d1ac9338744f61a02 -> 
  custom:video-encoder-webm-vp8: eb34c28f22e8b96e1ab97ce403110664 -> 
  custom:audio-encoder-webm-vorbis: bf7c407c2cedff20999df2af8eb42d56 -> 
  custom:framework-win-MediaFoundation: 216162199b28c13a410421893ffa2e32 -> 
  custom:container-demuxer-ogg: 62fdf1f143b41e24485cea50d1cbac27 -> 
  custom:video-decoder-webm-vp8: 9c59270c3fd7afecdb556c50c9e8de78 -> 
  custom:audio-decoder-ogg-vorbis: bf7c407c2cedff20999df2af8eb42d56 -> 
========================================================================
Received Import Request.
  Time since last request: 3570.068052 seconds.
  path: Assets/Sprites/Sprites/Gino Character
  artifactKey: Guid(904ae6f51c6f190448a649847a1f7328) Importer(815301076,1909f56bfc062723c751e8b465ee728b)
Start importing Assets/Sprites/Sprites/Gino Character using Guid(904ae6f51c6f190448a649847a1f7328) Importer(815301076,1909f56bfc062723c751e8b465ee728b)  -> (artifact id: 'e38f6a7249d766b408faf71b823788b4') in 0.012607 seconds 
========================================================================
Received Import Request.
  Time since last request: 1.652547 seconds.
  path: Assets/Sprites/Sprites/Gino Character/PNG
  artifactKey: Guid(45f922d1ae419de48875fa8c4899e053) Importer(815301076,1909f56bfc062723c751e8b465ee728b)
Start importing Assets/Sprites/Sprites/Gino Character/PNG using Guid(45f922d1ae419de48875fa8c4899e053) Importer(815301076,1909f56bfc062723c751e8b465ee728b)  -> (artifact id: '830bec3460428de86e1063e0558b72dd') in 0.005915 seconds 
========================================================================
Received Import Request.
  Time since last request: 0.046583 seconds.
  path: Assets/Sprites/Sprites/Gino Character/PNG/attack_in_jump_sheet.png
  artifactKey: Guid(f398a92637ecd9d4f8e846e8ec4653d0) Importer(815301076,1909f56bfc062723c751e8b465ee728b)
Start importing Assets/Sprites/Sprites/Gino Character/PNG/attack_in_jump_sheet.png using Guid(f398a92637ecd9d4f8e846e8ec4653d0) Importer(815301076,1909f56bfc062723c751e8b465ee728b)  -> (artifact id: 'c6a2af37863b00b7469e5eef5f7b5bc7') in 0.114578 seconds 
========================================================================
Received Import Request.
  Time since last request: 35.488293 seconds.
  path: Assets/Sprites/Sprites/Gino Character/PNG/Idle, run, jump
  artifactKey: Guid(a85dcd9c1fac65e49ad9cae6eabedd94) Importer(815301076,1909f56bfc062723c751e8b465ee728b)
Start importing Assets/Sprites/Sprites/Gino Character/PNG/Idle, run, jump using Guid(a85dcd9c1fac65e49ad9cae6eabedd94) Importer(815301076,1909f56bfc062723c751e8b465ee728b)  -> (artifact id: 'f095be5927d4523a64a2dd5714c3b6f9') in 0.005799 seconds 
========================================================================
Received Import Request.
  Time since last request: 1.312180 seconds.
  path: Assets/Sprites/Sprites/Gino Character/PNG/Idle, run, jump/idle01.png
  artifactKey: Guid(c3825ef5e0975e9429d211ad6ee68d66) Importer(815301076,1909f56bfc062723c751e8b465ee728b)
Start importing Assets/Sprites/Sprites/Gino Character/PNG/Idle, run, jump/idle01.png using Guid(c3825ef5e0975e9429d211ad6ee68d66) Importer(815301076,1909f56bfc062723c751e8b465ee728b)  -> (artifact id: '21527d5735effb6777454ff4e28e1a1d') in 0.022346 seconds 
========================================================================
Received Import Request.
  Time since last request: 0.000036 seconds.
  path: Assets/Sprites/Sprites/Gino Character/PNG/Idle, run, jump/idle07.png
  artifactKey: Guid(33a659cce4b24e144945be9df5242c2e) Importer(815301076,1909f56bfc062723c751e8b465ee728b)
Start importing Assets/Sprites/Sprites/Gino Character/PNG/Idle, run, jump/idle07.png using Guid(33a659cce4b24e144945be9df5242c2e) Importer(815301076,1909f56bfc062723c751e8b465ee728b)  -> (artifact id: '0a601f9cd8fbd06c3018f12360bee143') in 0.019535 seconds 
========================================================================
Received Import Request.
  Time since last request: 0.000027 seconds.
  path: Assets/Sprites/Sprites/Gino Character/PNG/Idle, run, jump/idle06.png
  artifactKey: Guid(a9a8850a335f60f47904a80fafbaf9e6) Importer(815301076,1909f56bfc062723c751e8b465ee728b)
Start importing Assets/Sprites/Sprites/Gino Character/PNG/Idle, run, jump/idle06.png using Guid(a9a8850a335f60f47904a80fafbaf9e6) Importer(815301076,1909f56bfc062723c751e8b465ee728b)  -> (artifact id: '1eb1a6d772728fbb1d16872b03bb8b41') in 0.018292 seconds 
========================================================================
Received Import Request.
  Time since last request: 0.000052 seconds.
  path: Assets/Sprites/Sprites/Gino Character/PNG/Idle, run, jump/run03.png
  artifactKey: Guid(3b7e13342daa711478d783e0afff53f6) Importer(815301076,1909f56bfc062723c751e8b465ee728b)
Start importing Assets/Sprites/Sprites/Gino Character/PNG/Idle, run, jump/run03.png using Guid(3b7e13342daa711478d783e0afff53f6) Importer(815301076,1909f56bfc062723c751e8b465ee728b)  -> (artifact id: 'e26b2d21b51758e9f088db354b7d6058') in 0.018658 seconds 
========================================================================
Received Import Request.
  Time since last request: 0.000033 seconds.
  path: Assets/Sprites/Sprites/Gino Character/PNG/Idle, run, jump/run02.png
  artifactKey: Guid(f2d2f859c071faa46a36b26bf0ff79cd) Importer(815301076,1909f56bfc062723c751e8b465ee728b)
Start importing Assets/Sprites/Sprites/Gino Character/PNG/Idle, run, jump/run02.png using Guid(f2d2f859c071faa46a36b26bf0ff79cd) Importer(815301076,1909f56bfc062723c751e8b465ee728b)  -> (artifact id: 'f78bc286d4fb1c600a2fb8a01ede1d29') in 0.019263 seconds 
========================================================================
Received Import Request.
  Time since last request: 0.000031 seconds.
  path: Assets/Sprites/Sprites/Gino Character/PNG/Idle, run, jump/jump_landing.png
  artifactKey: Guid(8659da7ad295db142bb43708406983d9) Importer(815301076,1909f56bfc062723c751e8b465ee728b)
Start importing Assets/Sprites/Sprites/Gino Character/PNG/Idle, run, jump/jump_landing.png using Guid(8659da7ad295db142bb43708406983d9) Importer(815301076,1909f56bfc062723c751e8b465ee728b)  -> (artifact id: '505fa84fcdaf7df72ea58c7facb03d85') in 0.017118 seconds 
========================================================================
Received Import Request.
  Time since last request: 0.000025 seconds.
  path: Assets/Sprites/Sprites/Gino Character/PNG/Idle, run, jump/idle08.png
  artifactKey: Guid(52a117c4a736c3b4584d73af048cd3d7) Importer(815301076,1909f56bfc062723c751e8b465ee728b)
Start importing Assets/Sprites/Sprites/Gino Character/PNG/Idle, run, jump/idle08.png using Guid(52a117c4a736c3b4584d73af048cd3d7) Importer(815301076,1909f56bfc062723c751e8b465ee728b)  -> (artifact id: '52ca070a5123faefb2b6b05ca4e4cba8') in 0.017520 seconds 
========================================================================
Received Import Request.
  Time since last request: 0.000023 seconds.
  path: Assets/Sprites/Sprites/Gino Character/PNG/Idle, run, jump/run04.png
  artifactKey: Guid(6c04c8e8a145f0344b94acbaf64e5a52) Importer(815301076,1909f56bfc062723c751e8b465ee728b)
Start importing Assets/Sprites/Sprites/Gino Character/PNG/Idle, run, jump/run04.png using Guid(6c04c8e8a145f0344b94acbaf64e5a52) Importer(815301076,1909f56bfc062723c751e8b465ee728b)  -> (artifact id: 'cc2e3a01a8319c6ddbd1bf9848a4bc7f') in 0.017732 seconds 
========================================================================
Received Import Request.
  Time since last request: 5.335112 seconds.
  path: Assets/Sprites/Sprites/Gino Character/PNG/Slide
  artifactKey: Guid(11008df7466525e46b16261216cb732a) Importer(815301076,1909f56bfc062723c751e8b465ee728b)
Start importing Assets/Sprites/Sprites/Gino Character/PNG/Slide using Guid(11008df7466525e46b16261216cb732a) Importer(815301076,1909f56bfc062723c751e8b465ee728b)  -> (artifact id: 'ebccee509e9ba82d94af451c3cdc15cf') in 0.006958 seconds 
========================================================================
Received Import Request.
  Time since last request: 0.054826 seconds.
  path: Assets/Sprites/Sprites/Gino Character/PNG/Slide/slide.png
  artifactKey: Guid(6f47f9565220fe244bc0f99e9b3af54a) Importer(815301076,1909f56bfc062723c751e8b465ee728b)
Start importing Assets/Sprites/Sprites/Gino Character/PNG/Slide/slide.png using Guid(6f47f9565220fe244bc0f99e9b3af54a) Importer(815301076,1909f56bfc062723c751e8b465ee728b)  -> (artifact id: '211ba7ae45f89994943fac56d1443239') in 0.017280 seconds 
========================================================================
Received Import Request.
  Time since last request: 0.000026 seconds.
  path: Assets/Sprites/Sprites/Gino Character/PNG/Slide/slide_start01.png
  artifactKey: Guid(b0633dd054a786d4ba796ab18e4490f0) Importer(815301076,1909f56bfc062723c751e8b465ee728b)
Start importing Assets/Sprites/Sprites/Gino Character/PNG/Slide/slide_start01.png using Guid(b0633dd054a786d4ba796ab18e4490f0) Importer(815301076,1909f56bfc062723c751e8b465ee728b)  -> (artifact id: 'd647b0484b994b05f32170716c5d692c') in 0.017257 seconds 
========================================================================
Received Import Request.
  Time since last request: 2.679734 seconds.
  path: Assets/Sprites/Sprites/Gino Character/PNG/Ledge grab
  artifactKey: Guid(27a057e3fc25ca34e9016af872c13777) Importer(815301076,1909f56bfc062723c751e8b465ee728b)
Start importing Assets/Sprites/Sprites/Gino Character/PNG/Ledge grab using Guid(27a057e3fc25ca34e9016af872c13777) Importer(815301076,1909f56bfc062723c751e8b465ee728b)  -> (artifact id: 'b3459ae749a72f08a2ae23cdca0ed5e1') in 0.006007 seconds 
========================================================================
Received Import Request.
  Time since last request: 0.056098 seconds.
  path: Assets/Sprites/Sprites/Gino Character/PNG/Ledge grab/lean-out.png
  artifactKey: Guid(87e4b23037c592243892274c390fb5d4) Importer(815301076,1909f56bfc062723c751e8b465ee728b)
Start importing Assets/Sprites/Sprites/Gino Character/PNG/Ledge grab/lean-out.png using Guid(87e4b23037c592243892274c390fb5d4) Importer(815301076,1909f56bfc062723c751e8b465ee728b)  -> (artifact id: 'f88baeb017678e2a1f340fb73dd7f248') in 0.016410 seconds 
========================================================================
Received Import Request.
  Time since last request: 0.000034 seconds.
  path: Assets/Sprites/Sprites/Gino Character/PNG/Ledge grab/ledge_grab03.png
  artifactKey: Guid(2439e37fd7a6cc440bde580fa451d90c) Importer(815301076,1909f56bfc062723c751e8b465ee728b)
Start importing Assets/Sprites/Sprites/Gino Character/PNG/Ledge grab/ledge_grab03.png using Guid(2439e37fd7a6cc440bde580fa451d90c) Importer(815301076,1909f56bfc062723c751e8b465ee728b)  -> (artifact id: '4ab92b3e9817b23804eb7a14c5505f9b') in 0.014488 seconds 
========================================================================
Received Import Request.
  Time since last request: 2.541827 seconds.
  path: Assets/Sprites/Sprites/Gino Character/PNG/Throw attack
  artifactKey: Guid(f253c8dc762458344885d418ec0d2902) Importer(815301076,1909f56bfc062723c751e8b465ee728b)
Start importing Assets/Sprites/Sprites/Gino Character/PNG/Throw attack using Guid(f253c8dc762458344885d418ec0d2902) Importer(815301076,1909f56bfc062723c751e8b465ee728b)  -> (artifact id: 'be3ccc82e0c996475d3fc3fe9a20b148') in 0.005795 seconds 
========================================================================
Received Import Request.
  Time since last request: 0.058792 seconds.
  path: Assets/Sprites/Sprites/Gino Character/PNG/Throw attack/throw_attack01.png
  artifactKey: Guid(c0bf7851ad0a33041a452ca28ff8cf61) Importer(815301076,1909f56bfc062723c751e8b465ee728b)
Start importing Assets/Sprites/Sprites/Gino Character/PNG/Throw attack/throw_attack01.png using Guid(c0bf7851ad0a33041a452ca28ff8cf61) Importer(815301076,1909f56bfc062723c751e8b465ee728b)  -> (artifact id: 'a34ad1c3824c6edbe89e42adcbf0e35b') in 0.016338 seconds 
========================================================================
Received Import Request.
  Time since last request: 0.000019 seconds.
  path: Assets/Sprites/Sprites/Gino Character/PNG/Throw attack/throw_attack05.png
  artifactKey: Guid(ff03dffbee1ae8b4f877d19acd61790b) Importer(815301076,1909f56bfc062723c751e8b465ee728b)
Start importing Assets/Sprites/Sprites/Gino Character/PNG/Throw attack/throw_attack05.png using Guid(ff03dffbee1ae8b4f877d19acd61790b) Importer(815301076,1909f56bfc062723c751e8b465ee728b)  -> (artifact id: '2f4da44ce593b44757197df557566368') in 0.018661 seconds 
========================================================================
Received Import Request.
  Time since last request: 0.000026 seconds.
  path: Assets/Sprites/Sprites/Gino Character/PNG/Throw attack/throw_attack06.png
  artifactKey: Guid(f74e703a346af0444ae08971a3696aa3) Importer(815301076,1909f56bfc062723c751e8b465ee728b)
Start importing Assets/Sprites/Sprites/Gino Character/PNG/Throw attack/throw_attack06.png using Guid(f74e703a346af0444ae08971a3696aa3) Importer(815301076,1909f56bfc062723c751e8b465ee728b)  -> (artifact id: 'cc8f055b98394c5933ba88d82e2de5a6') in 0.017337 seconds 
========================================================================
Received Import Request.
  Time since last request: 30.772890 seconds.
  path: Assets/Sprites/Sprites/Gino Character/PSD
  artifactKey: Guid(1a2eebcbefef6c34f83d069df0927965) Importer(815301076,1909f56bfc062723c751e8b465ee728b)
Start importing Assets/Sprites/Sprites/Gino Character/PSD using Guid(1a2eebcbefef6c34f83d069df0927965) Importer(815301076,1909f56bfc062723c751e8b465ee728b)  -> (artifact id: '168085ad42c58b28f0a25bf7a0b95039') in 0.005971 seconds 
========================================================================
Received Import Request.
  Time since last request: 0.049778 seconds.
  path: Assets/Sprites/Sprites/Gino Character/PSD/attack_in_jump.psd
  artifactKey: Guid(0b31fcc594e42514d9624d9a4584872d) Importer(815301076,1909f56bfc062723c751e8b465ee728b)
Start importing Assets/Sprites/Sprites/Gino Character/PSD/attack_in_jump.psd using Guid(0b31fcc594e42514d9624d9a4584872d) Importer(815301076,1909f56bfc062723c751e8b465ee728b)  -> (artifact id: '3c1a0453c38016dbcae6244f982763fa') in 0.021742 seconds 
========================================================================
Received Import Request.
  Time since last request: 0.000031 seconds.
  path: Assets/Sprites/Sprites/Gino Character/PSD/ledge_grab.psd
  artifactKey: Guid(04c39b2f231eea146b756ff95ce5bd89) Importer(815301076,1909f56bfc062723c751e8b465ee728b)
Start importing Assets/Sprites/Sprites/Gino Character/PSD/ledge_grab.psd using Guid(04c39b2f231eea146b756ff95ce5bd89) Importer(815301076,1909f56bfc062723c751e8b465ee728b)  -> (artifact id: '824162354f9db059645ba899e067dd24') in 0.014526 seconds 
========================================================================
Received Import Request.
  Time since last request: 0.000029 seconds.
  path: Assets/Sprites/Sprites/Gino Character/PSD/throw_attack.psd
  artifactKey: Guid(4e9b0c199f9d0e24fa91b753059b2141) Importer(815301076,1909f56bfc062723c751e8b465ee728b)
Start importing Assets/Sprites/Sprites/Gino Character/PSD/throw_attack.psd using Guid(4e9b0c199f9d0e24fa91b753059b2141) Importer(815301076,1909f56bfc062723c751e8b465ee728b)  -> (artifact id: '2056c8d9a3e2fbaaa3dfec18822f3893') in 0.016529 seconds 
========================================================================
Received Import Request.
  Time since last request: 9.956865 seconds.
  path: Assets/Sprites/01. Rocky Level
  artifactKey: Guid(8be7df12430f9874686d9c4de7e46f64) Importer(815301076,1909f56bfc062723c751e8b465ee728b)
Start importing Assets/Sprites/01. Rocky Level using Guid(8be7df12430f9874686d9c4de7e46f64) Importer(815301076,1909f56bfc062723c751e8b465ee728b)  -> (artifact id: '49df49b29d41cb6a20512a7b102bb1dc') in 0.006088 seconds 
========================================================================
Received Import Request.
  Time since last request: 0.035844 seconds.
  path: Assets/Sprites/01. Rocky Level/background1.png
  artifactKey: Guid(4b3f93113cbc512498350a1824c2895c) Importer(815301076,1909f56bfc062723c751e8b465ee728b)
Start importing Assets/Sprites/01. Rocky Level/background1.png using Guid(4b3f93113cbc512498350a1824c2895c) Importer(815301076,1909f56bfc062723c751e8b465ee728b)  -> (artifact id: '1af2d797e765062452ff939384765168') in 0.031337 seconds 
========================================================================
Received Import Request.
  Time since last request: 0.000034 seconds.
  path: Assets/Sprites/01. Rocky Level/other_lev_build.png
  artifactKey: Guid(b5de920b8d10ebe459f61b9ebefd89d0) Importer(815301076,1909f56bfc062723c751e8b465ee728b)
Start importing Assets/Sprites/01. Rocky Level/other_lev_build.png using Guid(b5de920b8d10ebe459f61b9ebefd89d0) Importer(815301076,1909f56bfc062723c751e8b465ee728b)  -> (artifact id: 'fd1c0314e71c6658dc6b79a9224ac3b7') in 0.036375 seconds 
========================================================================
Received Import Request.
  Time since last request: 1.650728 seconds.
  path: Assets/Sprites/01. Rocky Level/PSD
  artifactKey: Guid(0663658baffb07c4fbc7dd929d79226c) Importer(815301076,1909f56bfc062723c751e8b465ee728b)
Start importing Assets/Sprites/01. Rocky Level/PSD using Guid(0663658baffb07c4fbc7dd929d79226c) Importer(815301076,1909f56bfc062723c751e8b465ee728b)  -> (artifact id: 'b37a8de725816aeda4a037f46bbd9fec') in 0.002107 seconds 
========================================================================
Received Import Request.
  Time since last request: 2.687573 seconds.
  path: Assets/Sprites/GUI
  artifactKey: Guid(9948aabdc77d9c948bf913024b51e114) Importer(815301076,1909f56bfc062723c751e8b465ee728b)
Start importing Assets/Sprites/GUI using Guid(9948aabdc77d9c948bf913024b51e114) Importer(815301076,1909f56bfc062723c751e8b465ee728b)  -> (artifact id: '2bb2a77921d1792eac3fb69468776b1f') in 0.006016 seconds 
========================================================================
Received Import Request.
  Time since last request: 0.059845 seconds.
  path: Assets/Sprites/GUI/Gui.png
  artifactKey: Guid(e7a73c5e57606434fbfed5e0b5090bf2) Importer(815301076,1909f56bfc062723c751e8b465ee728b)
Start importing Assets/Sprites/GUI/Gui.png using Guid(e7a73c5e57606434fbfed5e0b5090bf2) Importer(815301076,1909f56bfc062723c751e8b465ee728b)  -> (artifact id: '805181b12065e8f123c9e174cb9a340f') in 0.016952 seconds 
========================================================================
Received Import Request.
  Time since last request: 1.270520 seconds.
  path: Assets/Sprites/GUI/PSD
  artifactKey: Guid(0d05e3b1ac5694044974265c41787b58) Importer(815301076,1909f56bfc062723c751e8b465ee728b)
Start importing Assets/Sprites/GUI/PSD using Guid(0d05e3b1ac5694044974265c41787b58) Importer(815301076,1909f56bfc062723c751e8b465ee728b)  -> (artifact id: 'f94172bdf63b3df686f104f66c8989cc') in 0.002119 seconds 
========================================================================
Received Import Request.
  Time since last request: 0.065688 seconds.
  path: Assets/Sprites/GUI/PSD/Gui.psd
  artifactKey: Guid(4426484529422684d8622a22bcce3e24) Importer(815301076,1909f56bfc062723c751e8b465ee728b)
Start importing Assets/Sprites/GUI/PSD/Gui.psd using Guid(4426484529422684d8622a22bcce3e24) Importer(815301076,1909f56bfc062723c751e8b465ee728b)  -> (artifact id: 'e0e60ed39efdb7a7dd90146722afce5a') in 0.014127 seconds 
========================================================================
Received Import Request.
  Time since last request: 60.751316 seconds.
  path: Assets/Sprites/Sprites/Gino Character/PNG/Hit, death
  artifactKey: Guid(cc358620a4d34ae4a8205fdc14ecf179) Importer(815301076,1909f56bfc062723c751e8b465ee728b)
Start importing Assets/Sprites/Sprites/Gino Character/PNG/Hit, death using Guid(cc358620a4d34ae4a8205fdc14ecf179) Importer(815301076,1909f56bfc062723c751e8b465ee728b)  -> (artifact id: '08a45024be6f4598633b122ac269f907') in 0.005951 seconds 
========================================================================
Received Import Request.
  Time since last request: 0.052032 seconds.
  path: Assets/Sprites/Sprites/Gino Character/PNG/Hit, death/death01.png
  artifactKey: Guid(2f12dc21fa306db45a0dbe4fff565ad6) Importer(815301076,1909f56bfc062723c751e8b465ee728b)
Start importing Assets/Sprites/Sprites/Gino Character/PNG/Hit, death/death01.png using Guid(2f12dc21fa306db45a0dbe4fff565ad6) Importer(815301076,1909f56bfc062723c751e8b465ee728b)  -> (artifact id: 'b4a37c157408e5ece7dcc10103935b1a') in 0.021981 seconds 
========================================================================
Received Import Request.
  Time since last request: 0.000028 seconds.
  path: Assets/Sprites/Sprites/Gino Character/PNG/Hit, death/hit03.png
  artifactKey: Guid(65f936c3c9384cb479154a1102f8217c) Importer(815301076,1909f56bfc062723c751e8b465ee728b)
Start importing Assets/Sprites/Sprites/Gino Character/PNG/Hit, death/hit03.png using Guid(65f936c3c9384cb479154a1102f8217c) Importer(815301076,1909f56bfc062723c751e8b465ee728b)  -> (artifact id: '7cb002a6fad68cb84c4dd2276f95c8d5') in 0.017106 seconds 
========================================================================
Received Import Request.
  Time since last request: 0.000035 seconds.
  path: Assets/Sprites/Sprites/Gino Character/PNG/Hit, death/death03.png
  artifactKey: Guid(f7ab15e65a76d8e4d847e321932dea85) Importer(815301076,1909f56bfc062723c751e8b465ee728b)
Start importing Assets/Sprites/Sprites/Gino Character/PNG/Hit, death/death03.png using Guid(f7ab15e65a76d8e4d847e321932dea85) Importer(815301076,1909f56bfc062723c751e8b465ee728b)  -> (artifact id: '121e7fa74317845201296715f2fe2c2a') in 0.018254 seconds 
========================================================================
Received Import Request.
  Time since last request: 0.000030 seconds.
  path: Assets/Sprites/Sprites/Gino Character/PNG/Hit, death/hit01.png
  artifactKey: Guid(e78d9039b854909429a20e38b93a3021) Importer(815301076,1909f56bfc062723c751e8b465ee728b)
Start importing Assets/Sprites/Sprites/Gino Character/PNG/Hit, death/hit01.png using Guid(e78d9039b854909429a20e38b93a3021) Importer(815301076,1909f56bfc062723c751e8b465ee728b)  -> (artifact id: '35e2a14fe48b33c022efaf4d4ccd4ed6') in 0.015849 seconds 
========================================================================
Received Import Request.
  Time since last request: 4.091822 seconds.
  path: Assets/Sprites/Sprites/Gino Character/PNG/Attack in jump
  artifactKey: Guid(99b7be7b3593e0a4683ac6daff64affc) Importer(815301076,1909f56bfc062723c751e8b465ee728b)
Start importing Assets/Sprites/Sprites/Gino Character/PNG/Attack in jump using Guid(99b7be7b3593e0a4683ac6daff64affc) Importer(815301076,1909f56bfc062723c751e8b465ee728b)  -> (artifact id: '06a1d1126fb3f7ece6ace529b29f6f8f') in 0.007718 seconds 
========================================================================
Received Import Request.
  Time since last request: 0.044691 seconds.
  path: Assets/Sprites/Sprites/Gino Character/PNG/Attack in jump/attack_in_jump01.png
  artifactKey: Guid(6b19f0430d8e8f346a6b75b9946f57a0) Importer(815301076,1909f56bfc062723c751e8b465ee728b)
Start importing Assets/Sprites/Sprites/Gino Character/PNG/Attack in jump/attack_in_jump01.png using Guid(6b19f0430d8e8f346a6b75b9946f57a0) Importer(815301076,1909f56bfc062723c751e8b465ee728b)  -> (artifact id: '14190a5ffe5bb552918baeef8c198a2b') in 0.016911 seconds 
========================================================================
Received Import Request.
  Time since last request: 0.000025 seconds.
  path: Assets/Sprites/Sprites/Gino Character/PNG/Attack in jump/attack_in_jump06.png
  artifactKey: Guid(6ebb23b683ef4da459cb8143f19ce907) Importer(815301076,1909f56bfc062723c751e8b465ee728b)
Start importing Assets/Sprites/Sprites/Gino Character/PNG/Attack in jump/attack_in_jump06.png using Guid(6ebb23b683ef4da459cb8143f19ce907) Importer(815301076,1909f56bfc062723c751e8b465ee728b)  -> (artifact id: 'a0160ad8bc9b979709a6a28f5982296b') in 0.017370 seconds 
========================================================================
Received Import Request.
  Time since last request: 0.000026 seconds.
  path: Assets/Sprites/Sprites/Gino Character/PNG/Attack in jump/attack_in_jump07.png
  artifactKey: Guid(8a54ec71ff9d8bc42913b6b86ff1c6bd) Importer(815301076,1909f56bfc062723c751e8b465ee728b)
Start importing Assets/Sprites/Sprites/Gino Character/PNG/Attack in jump/attack_in_jump07.png using Guid(8a54ec71ff9d8bc42913b6b86ff1c6bd) Importer(815301076,1909f56bfc062723c751e8b465ee728b)  -> (artifact id: 'df147859f7b0791b3f1eecee9e991feb') in 0.017051 seconds 
========================================================================
Received Import Request.
  Time since last request: 232.761130 seconds.
  path: Assets/Sprites/Sprites/Gino Character/PNG/hit,death_sheet.png
  artifactKey: Guid(a7161b0f5deb614469ae46a932c74015) Importer(815301076,1909f56bfc062723c751e8b465ee728b)
Start importing Assets/Sprites/Sprites/Gino Character/PNG/hit,death_sheet.png using Guid(a7161b0f5deb614469ae46a932c74015) Importer(815301076,1909f56bfc062723c751e8b465ee728b)  -> (artifact id: '33c5288491e19744dec367ce46a79d3c') in 0.019803 seconds 
========================================================================
Received Import Request.
  Time since last request: 44.136100 seconds.
  path: Assets/Sprites/Sprites/Gino Character/PNG/idle,run,jump_sheet.png
  artifactKey: Guid(0f52232b9849d024bab88c5513cec766) Importer(815301076,1909f56bfc062723c751e8b465ee728b)
Start importing Assets/Sprites/Sprites/Gino Character/PNG/idle,run,jump_sheet.png using Guid(0f52232b9849d024bab88c5513cec766) Importer(815301076,1909f56bfc062723c751e8b465ee728b)  -> (artifact id: 'a0afa05d9b2e7f5f68c0fd3eae2137e0') in 0.021170 seconds 
========================================================================
Received Import Request.
  Time since last request: 23005.787912 seconds.
  path: Assets/Sprites/Sprites/Gino Character/PNG/idle,run,jump_sheet.png
  artifactKey: Guid(0f52232b9849d024bab88c5513cec766) Importer(815301076,1909f56bfc062723c751e8b465ee728b)
Start importing Assets/Sprites/Sprites/Gino Character/PNG/idle,run,jump_sheet.png using Guid(0f52232b9849d024bab88c5513cec766) Importer(815301076,1909f56bfc062723c751e8b465ee728b)  -> (artifact id: '2af61951ee84fa0cdeae782640caef83') in 0.020159 seconds 
========================================================================
Received Import Request.
  Time since last request: 973.171404 seconds.
  path: Assets/Sprites/Sprites/Gino Character/PNG/idle,run,jump_sheet.png
  artifactKey: Guid(0f52232b9849d024bab88c5513cec766) Importer(815301076,1909f56bfc062723c751e8b465ee728b)
Start importing Assets/Sprites/Sprites/Gino Character/PNG/idle,run,jump_sheet.png using Guid(0f52232b9849d024bab88c5513cec766) Importer(815301076,1909f56bfc062723c751e8b465ee728b)  -> (artifact id: '780e94582fa9af457c9f8da58b123757') in 0.013497 seconds 
========================================================================
Received Import Request.
  Time since last request: 297.055437 seconds.
  path: Assets/Sprites/01. Rocky Level/PSD/background.psd
  artifactKey: Guid(a777f4ad09de663409ddf4e76236e97b) Importer(815301076,1909f56bfc062723c751e8b465ee728b)
Start importing Assets/Sprites/01. Rocky Level/PSD/background.psd using Guid(a777f4ad09de663409ddf4e76236e97b) Importer(815301076,1909f56bfc062723c751e8b465ee728b)  -> (artifact id: '737367b4de08d5ee369214751726b283') in 0.028248 seconds 
========================================================================
Received Import Request.
  Time since last request: 0.000029 seconds.
  path: Assets/Sprites/01. Rocky Level/PSD/other_lev_build.psd
  artifactKey: Guid(28d5d8a00c3947a438069c11afc796a0) Importer(815301076,1909f56bfc062723c751e8b465ee728b)
Start importing Assets/Sprites/01. Rocky Level/PSD/other_lev_build.psd using Guid(28d5d8a00c3947a438069c11afc796a0) Importer(815301076,1909f56bfc062723c751e8b465ee728b)  -> (artifact id: '5a6c34eb625cae36d6770e92f6b98611') in 0.034384 seconds 
========================================================================
Received Import Request.
  Time since last request: 49.657132 seconds.
  path: Assets/Sprites/01. Rocky Level/main_lev_build.png
  artifactKey: Guid(37db2d728b768b24aac9b0ce4ba9dac6) Importer(815301076,1909f56bfc062723c751e8b465ee728b)
Start importing Assets/Sprites/01. Rocky Level/main_lev_build.png using Guid(37db2d728b768b24aac9b0ce4ba9dac6) Importer(815301076,1909f56bfc062723c751e8b465ee728b)  -> (artifact id: '8e350814f3b46ec23159f18cbbbc8221') in 0.086321 seconds 
========================================================================
Received Import Request.
  Time since last request: 4.835461 seconds.
  path: Assets/Sprites/01. Rocky Level/main_lev_build.png
  artifactKey: Guid(37db2d728b768b24aac9b0ce4ba9dac6) Importer(815301076,1909f56bfc062723c751e8b465ee728b)
Start importing Assets/Sprites/01. Rocky Level/main_lev_build.png using Guid(37db2d728b768b24aac9b0ce4ba9dac6) Importer(815301076,1909f56bfc062723c751e8b465ee728b)  -> (artifact id: 'aa19f88ac0f8c38d15e6e06f1f40317f') in 0.072899 seconds 
========================================================================
Received Import Request.
  Time since last request: 23.380103 seconds.
  path: Assets/Sprites/01. Rocky Level/main_lev_build.png
  artifactKey: Guid(37db2d728b768b24aac9b0ce4ba9dac6) Importer(815301076,1909f56bfc062723c751e8b465ee728b)
Start importing Assets/Sprites/01. Rocky Level/main_lev_build.png using Guid(37db2d728b768b24aac9b0ce4ba9dac6) Importer(815301076,1909f56bfc062723c751e8b465ee728b)  -> (artifact id: '22132fbeb5fb6a83d43e870d9150c6a6') in 0.022874 seconds 
========================================================================
Received Import Request.
  Time since last request: 61.390905 seconds.
  path: Assets/Sprites/01. Rocky Level/main_lev_build.png
  artifactKey: Guid(37db2d728b768b24aac9b0ce4ba9dac6) Importer(815301076,1909f56bfc062723c751e8b465ee728b)
Start importing Assets/Sprites/01. Rocky Level/main_lev_build.png using Guid(37db2d728b768b24aac9b0ce4ba9dac6) Importer(815301076,1909f56bfc062723c751e8b465ee728b)  -> (artifact id: '24d15cb04e548b8f22188321df87c421') in 5.341902 seconds 
========================================================================
Received Import Request.
  Time since last request: 164.842408 seconds.
  path: Assets/Sprites/01. Rocky Level/main_lev_build.png
  artifactKey: Guid(37db2d728b768b24aac9b0ce4ba9dac6) Importer(815301076,1909f56bfc062723c751e8b465ee728b)
Start importing Assets/Sprites/01. Rocky Level/main_lev_build.png using Guid(37db2d728b768b24aac9b0ce4ba9dac6) Importer(815301076,1909f56bfc062723c751e8b465ee728b)  -> (artifact id: '88f6e1f9e273a00da0b0ae0c484c9436') in 0.069064 seconds 
========================================================================
Received Import Request.
  Time since last request: 8.293637 seconds.
  path: Assets/Sprites/01. Rocky Level/main_lev_build.png
  artifactKey: Guid(37db2d728b768b24aac9b0ce4ba9dac6) Importer(815301076,1909f56bfc062723c751e8b465ee728b)
Start importing Assets/Sprites/01. Rocky Level/main_lev_build.png using Guid(37db2d728b768b24aac9b0ce4ba9dac6) Importer(815301076,1909f56bfc062723c751e8b465ee728b)  -> (artifact id: 'dcb1deb52dbc15ac8b5be63212f32459') in 0.014500 seconds 
========================================================================
Received Import Request.
  Time since last request: 39.401742 seconds.
  path: Assets/Sprites/01. Rocky Level/main_lev_build.png
  artifactKey: Guid(37db2d728b768b24aac9b0ce4ba9dac6) Importer(815301076,1909f56bfc062723c751e8b465ee728b)
Start importing Assets/Sprites/01. Rocky Level/main_lev_build.png using Guid(37db2d728b768b24aac9b0ce4ba9dac6) Importer(815301076,1909f56bfc062723c751e8b465ee728b)  -> (artifact id: '8f629bf9225554fd7faa25dbc8c810a7') in 0.457030 seconds 
========================================================================
Received Import Request.
  Time since last request: 38.799931 seconds.
  path: Assets/Sprites/01. Rocky Level/other_lev_build.png
  artifactKey: Guid(b5de920b8d10ebe459f61b9ebefd89d0) Importer(815301076,1909f56bfc062723c751e8b465ee728b)
Start importing Assets/Sprites/01. Rocky Level/other_lev_build.png using Guid(b5de920b8d10ebe459f61b9ebefd89d0) Importer(815301076,1909f56bfc062723c751e8b465ee728b)  -> (artifact id: '1f864b4d470ae05608442d811bc49035') in 0.013606 seconds 
========================================================================
Received Import Request.
  Time since last request: 102.385576 seconds.
  path: Assets/Sprites/01. Rocky Level/main_lev_build.png
  artifactKey: Guid(37db2d728b768b24aac9b0ce4ba9dac6) Importer(815301076,1909f56bfc062723c751e8b465ee728b)
Start importing Assets/Sprites/01. Rocky Level/main_lev_build.png using Guid(37db2d728b768b24aac9b0ce4ba9dac6) Importer(815301076,1909f56bfc062723c751e8b465ee728b)  -> (artifact id: '7d6bd8a02c59babb45ccd81a39d1fa54') in 0.430924 seconds 
========================================================================
Received Import Request.
  Time since last request: 9.435614 seconds.
  path: Assets/Sprites/01. Rocky Level/other_lev_build.png
  artifactKey: Guid(b5de920b8d10ebe459f61b9ebefd89d0) Importer(815301076,1909f56bfc062723c751e8b465ee728b)
Start importing Assets/Sprites/01. Rocky Level/other_lev_build.png using Guid(b5de920b8d10ebe459f61b9ebefd89d0) Importer(815301076,1909f56bfc062723c751e8b465ee728b)  -> (artifact id: '6155858578397312ad851901f41fd7b9') in 0.015048 seconds 
========================================================================
Received Import Request.
  Time since last request: 160.677355 seconds.
  path: ProjectSettings/TagManager.asset
  artifactKey: Guid(00000000000000003000000000000000) Importer(815301076,1909f56bfc062723c751e8b465ee728b)
Start importing ProjectSettings/TagManager.asset using Guid(00000000000000003000000000000000) Importer(815301076,1909f56bfc062723c751e8b465ee728b)  -> (artifact id: '5f74b9f0782f3ffe8a654b2b60a9f33c') in 0.008161 seconds 
========================================================================
Received Import Request.
  Time since last request: 262.471147 seconds.
  path: Assets/Sprites/01. Rocky Level/other_lev_build.png
  artifactKey: Guid(b5de920b8d10ebe459f61b9ebefd89d0) Importer(815301076,1909f56bfc062723c751e8b465ee728b)
Start importing Assets/Sprites/01. Rocky Level/other_lev_build.png using Guid(b5de920b8d10ebe459f61b9ebefd89d0) Importer(815301076,1909f56bfc062723c751e8b465ee728b)  -> (artifact id: '59eb0e6213bbb26c61c516fd96a27c2f') in 0.100814 seconds 
========================================================================
Received Import Request.
  Time since last request: 234.119258 seconds.
  path: Assets/Sprites/Sprites/Gino Character/PNG/Idle, run, jump/idle01.png
  artifactKey: Guid(c3825ef5e0975e9429d211ad6ee68d66) Importer(815301076,1909f56bfc062723c751e8b465ee728b)
Start importing Assets/Sprites/Sprites/Gino Character/PNG/Idle, run, jump/idle01.png using Guid(c3825ef5e0975e9429d211ad6ee68d66) Importer(815301076,1909f56bfc062723c751e8b465ee728b)  -> (artifact id: 'c1234ecfb3e79118402ea5016c867320') in 0.018160 seconds 
========================================================================
Received Import Request.
  Time since last request: 0.007005 seconds.
  path: Assets/Sprites/Sprites/Gino Character/PNG/Idle, run, jump/idle02.png
  artifactKey: Guid(800cc607b40b2434a92e556e1e0a6fd2) Importer(815301076,1909f56bfc062723c751e8b465ee728b)
Start importing Assets/Sprites/Sprites/Gino Character/PNG/Idle, run, jump/idle02.png using Guid(800cc607b40b2434a92e556e1e0a6fd2) Importer(815301076,1909f56bfc062723c751e8b465ee728b)  -> (artifact id: '002d77dad2823372baecf2940dce1e06') in 0.022247 seconds 
========================================================================
Received Import Request.
  Time since last request: 0.089389 seconds.
  path: Assets/Sprites/Sprites/Gino Character/PNG/Idle, run, jump/idle04.png
  artifactKey: Guid(52f5e6ba6c74bd642a3d61a093f0d21c) Importer(815301076,1909f56bfc062723c751e8b465ee728b)
Start importing Assets/Sprites/Sprites/Gino Character/PNG/Idle, run, jump/idle04.png using Guid(52f5e6ba6c74bd642a3d61a093f0d21c) Importer(815301076,1909f56bfc062723c751e8b465ee728b)  -> (artifact id: '81569b4ade1850fa1b3a58b37eb7d738') in 0.018477 seconds 
========================================================================
Received Import Request.
  Time since last request: 0.000032 seconds.
  path: Assets/Sprites/Sprites/Gino Character/PNG/Idle, run, jump/idle05.png
  artifactKey: Guid(82e30c0abc300734ba13d158bac39033) Importer(815301076,1909f56bfc062723c751e8b465ee728b)
Start importing Assets/Sprites/Sprites/Gino Character/PNG/Idle, run, jump/idle05.png using Guid(82e30c0abc300734ba13d158bac39033) Importer(815301076,1909f56bfc062723c751e8b465ee728b)  -> (artifact id: '89d978aeabb5a6b4568230de38062601') in 0.020646 seconds 
========================================================================
Received Import Request.
  Time since last request: 0.000026 seconds.
  path: Assets/Sprites/Sprites/Gino Character/PNG/Idle, run, jump/idle08.png
  artifactKey: Guid(52a117c4a736c3b4584d73af048cd3d7) Importer(815301076,1909f56bfc062723c751e8b465ee728b)
Start importing Assets/Sprites/Sprites/Gino Character/PNG/Idle, run, jump/idle08.png using Guid(52a117c4a736c3b4584d73af048cd3d7) Importer(815301076,1909f56bfc062723c751e8b465ee728b)  -> (artifact id: '9776d9d18d5b25fd7964aad6e6286ebb') in 0.020360 seconds 
========================================================================
Received Import Request.
  Time since last request: 37.239452 seconds.
  path: Assets/Sprites/Sprites/Gino Character/PNG/Idle, run, jump/idle01.png
  artifactKey: Guid(c3825ef5e0975e9429d211ad6ee68d66) Importer(815301076,1909f56bfc062723c751e8b465ee728b)
Start importing Assets/Sprites/Sprites/Gino Character/PNG/Idle, run, jump/idle01.png using Guid(c3825ef5e0975e9429d211ad6ee68d66) Importer(815301076,1909f56bfc062723c751e8b465ee728b)  -> (artifact id: '0ce52b76ddaf80c6af19926e8c3a1a02') in 0.018245 seconds 
========================================================================
Received Import Request.
  Time since last request: 0.000023 seconds.
  path: Assets/Sprites/Sprites/Gino Character/PNG/Idle, run, jump/idle07.png
  artifactKey: Guid(33a659cce4b24e144945be9df5242c2e) Importer(815301076,1909f56bfc062723c751e8b465ee728b)
Start importing Assets/Sprites/Sprites/Gino Character/PNG/Idle, run, jump/idle07.png using Guid(33a659cce4b24e144945be9df5242c2e) Importer(815301076,1909f56bfc062723c751e8b465ee728b)  -> (artifact id: '7c86047443037ce4be7b989e4b9c4250') in 0.016607 seconds 
========================================================================
Received Import Request.
  Time since last request: 0.000037 seconds.
  path: Assets/Sprites/Sprites/Gino Character/PNG/Idle, run, jump/idle03.png
  artifactKey: Guid(0d2b7f611c8452c45b67bfae25444ea4) Importer(815301076,1909f56bfc062723c751e8b465ee728b)
Start importing Assets/Sprites/Sprites/Gino Character/PNG/Idle, run, jump/idle03.png using Guid(0d2b7f611c8452c45b67bfae25444ea4) Importer(815301076,1909f56bfc062723c751e8b465ee728b)  -> (artifact id: '10529aefaa389b46ff0ee6d56d93777a') in 0.017627 seconds 
========================================================================
Received Import Request.
  Time since last request: 0.000030 seconds.
  path: Assets/Sprites/Sprites/Gino Character/PNG/Idle, run, jump/idle08.png
  artifactKey: Guid(52a117c4a736c3b4584d73af048cd3d7) Importer(815301076,1909f56bfc062723c751e8b465ee728b)
Start importing Assets/Sprites/Sprites/Gino Character/PNG/Idle, run, jump/idle08.png using Guid(52a117c4a736c3b4584d73af048cd3d7) Importer(815301076,1909f56bfc062723c751e8b465ee728b)  -> (artifact id: 'd8a53214800ce5df7d2a85638160a109') in 0.016247 seconds 
========================================================================
Received Import Request.
  Time since last request: 211.560924 seconds.
  path: Assets/Animations/IdolAnimation.anim
  artifactKey: Guid(7557f905cdc69174ea4fa1900594a21d) Importer(815301076,1909f56bfc062723c751e8b465ee728b)
Start importing Assets/Animations/IdolAnimation.anim using Guid(7557f905cdc69174ea4fa1900594a21d) Importer(815301076,1909f56bfc062723c751e8b465ee728b)  -> (artifact id: 'e2df34417453317f09c88cd2325041e7') in 0.009873 seconds 
========================================================================
Received Import Request.
  Time since last request: 8.114035 seconds.
  path: Assets/Animations/idle01.controller
  artifactKey: Guid(464e28c892c17ec478bee5ec31b80c39) Importer(815301076,1909f56bfc062723c751e8b465ee728b)
Start importing Assets/Animations/idle01.controller using Guid(464e28c892c17ec478bee5ec31b80c39) Importer(815301076,1909f56bfc062723c751e8b465ee728b)  -> (artifact id: 'ea3f9a5745c9fe9463ccd3cb6254da72') in 0.004806 seconds 
========================================================================
Received Import Request.
  Time since last request: 318.262490 seconds.
  path: Assets/Sprites/Sprites/Gino Character/PNG/Idle, run, jump/run01.png
  artifactKey: Guid(3921fc1ff6e74d944a418147b95eb1d6) Importer(815301076,1909f56bfc062723c751e8b465ee728b)
Start importing Assets/Sprites/Sprites/Gino Character/PNG/Idle, run, jump/run01.png using Guid(3921fc1ff6e74d944a418147b95eb1d6) Importer(815301076,1909f56bfc062723c751e8b465ee728b)  -> (artifact id: '3e43f1d885333bd3e1da935456e47521') in 0.015150 seconds 
========================================================================
Received Import Request.
  Time since last request: 0.013509 seconds.
  path: Assets/Sprites/Sprites/Gino Character/PNG/Idle, run, jump/run02.png
  artifactKey: Guid(f2d2f859c071faa46a36b26bf0ff79cd) Importer(815301076,1909f56bfc062723c751e8b465ee728b)
Start importing Assets/Sprites/Sprites/Gino Character/PNG/Idle, run, jump/run02.png using Guid(f2d2f859c071faa46a36b26bf0ff79cd) Importer(815301076,1909f56bfc062723c751e8b465ee728b)  -> (artifact id: '11ce2999b139f965b74630bdba7095cd') in 0.020931 seconds 
========================================================================
Received Import Request.
  Time since last request: 0.000029 seconds.
  path: Assets/Sprites/Sprites/Gino Character/PNG/Idle, run, jump/run06.png
  artifactKey: Guid(031010164d1700346bf13654590c43e9) Importer(815301076,1909f56bfc062723c751e8b465ee728b)
Start importing Assets/Sprites/Sprites/Gino Character/PNG/Idle, run, jump/run06.png using Guid(031010164d1700346bf13654590c43e9) Importer(815301076,1909f56bfc062723c751e8b465ee728b)  -> (artifact id: 'dc77db3e0fb235e7f5c04e1f044aa8b9') in 0.019253 seconds 
========================================================================
Received Import Request.
  Time since last request: 0.000031 seconds.
  path: Assets/Sprites/Sprites/Gino Character/PNG/Idle, run, jump/run08.png
  artifactKey: Guid(34f61e0c71bc85d409d0426da043964c) Importer(815301076,1909f56bfc062723c751e8b465ee728b)
Start importing Assets/Sprites/Sprites/Gino Character/PNG/Idle, run, jump/run08.png using Guid(34f61e0c71bc85d409d0426da043964c) Importer(815301076,1909f56bfc062723c751e8b465ee728b)  -> (artifact id: '21d70a0916c67c4b7245b1c60eaca7f5') in 0.018867 seconds 
Editor requested this worker to shutdown with reason: Scaling down because of idle timeout
AssetImportWorker is now disconnected from the server
Process exiting
Exiting without the bug reporter. Application will terminate with return code 0